0.0000 	DATA 	** START exposure **
0.0045 	DATA 	Trial 1 - Stimuli img/target_8.png
2.8415 	DATA 	Keypress: i
2.9335 	DATA 	Trial 2 - Stimuli img/target_10.png
3.7451 	DATA 	Keypress: p
3.8320 	DATA 	Trial 3 - Stimuli img/target_2.png
4.8258 	DATA 	Keypress: w
4.9153 	DATA 	Trial 4 - Stimuli img/target_1.png
5.8252 	DATA 	Keypress: q
5.9156 	DATA 	Trial 5 - Stimuli img/target_5.png
7.0011 	DATA 	Keypress: v
7.0827 	DATA 	Trial 6 - Stimuli img/target_1.png
8.0331 	DATA 	Keypress: q
8.1153 	DATA 	Trial 7 - Stimuli img/target_6.png
9.2736 	DATA 	Keypress: b
9.3656 	DATA 	Trial 8 - Stimuli img/target_7.png
10.2416 	DATA 	Keypress: u
10.3324 	DATA 	Trial 9 - Stimuli img/target_6.png
11.0896 	DATA 	Keypress: b
11.1825 	DATA 	Trial 10 - Stimuli img/target_7.png
11.7689 	DATA 	Keypress: u
11.8667 	DATA 	Trial 11 - Stimuli img/target_4.png
12.6089 	DATA 	Keypress: r
12.7006 	DATA 	Trial 12 - Stimuli img/target_3.png
13.3613 	DATA 	Keypress: e
13.4500 	DATA 	Trial 13 - Stimuli img/target_10.png
14.2654 	DATA 	Keypress: p
14.3506 	DATA 	Trial 14 - Stimuli img/target_7.png
15.3611 	DATA 	Keypress: u
15.4502 	DATA 	Trial 15 - Stimuli img/target_6.png
16.1928 	DATA 	Keypress: b
16.2830 	DATA 	Trial 16 - Stimuli img/target_7.png
17.0968 	DATA 	Keypress: u
17.1842 	DATA 	Trial 17 - Stimuli img/target_3.png
18.5769 	DATA 	Keypress: e
18.6677 	DATA 	Trial 18 - Stimuli img/target_4.png
19.4733 	DATA 	Keypress: r
19.5681 	DATA 	Trial 19 - Stimuli img/target_5.png
20.6966 	DATA 	Keypress: v
20.7835 	DATA 	Trial 20 - Stimuli img/target_6.png
20.8487 	DATA 	Keypress: space
23.2245 	DATA 	Keypress: b
23.3005 	DATA 	Trial 21 - Stimuli img/target_5.png
24.0484 	DATA 	Keypress: v
24.1337 	DATA 	Trial 22 - Stimuli img/target_9.png
25.1050 	DATA 	Keypress: o
25.2014 	DATA 	Trial 23 - Stimuli img/target_8.png
27.1368 	DATA 	Keypress: i
27.2175 	DATA 	Trial 24 - Stimuli img/target_2.png
28.2570 	DATA 	Keypress: w
28.3518 	DATA 	Trial 25 - Stimuli img/target_1.png
29.0409 	DATA 	Keypress: q
29.1347 	DATA 	Trial 26 - Stimuli img/target_9.png
30.4569 	DATA 	Keypress: o
30.5521 	DATA 	Trial 27 - Stimuli img/target_2.png
31.2968 	DATA 	Keypress: w
31.3849 	DATA 	Trial 28 - Stimuli img/target_10.png
32.8728 	DATA 	Keypress: p
32.9680 	DATA 	Trial 29 - Stimuli img/target_3.png
33.7601 	DATA 	Keypress: w
34.6808 	DATA 	Keypress: e
34.7518 	DATA 	Trial 30 - Stimuli img/target_7.png
35.4321 	DATA 	Keypress: u
35.5191 	DATA 	Trial 31 - Stimuli img/target_10.png
36.2247 	DATA 	Keypress: p
36.3182 	DATA 	Trial 32 - Stimuli img/target_2.png
37.2161 	DATA 	Keypress: w
37.3018 	DATA 	Trial 33 - Stimuli img/target_1.png
38.4800 	DATA 	Keypress: q
38.5693 	DATA 	Trial 34 - Stimuli img/target_2.png
39.4327 	DATA 	Keypress: w
39.5192 	DATA 	Trial 35 - Stimuli img/target_8.png
40.5440 	DATA 	Keypress: o
41.1206 	DATA 	Keypress: u
41.2885 	DATA 	Keypress: i
41.3688 	DATA 	Trial 36 - Stimuli img/target_10.png
42.1758 	DATA 	Keypress: p
42.2698 	DATA 	Trial 37 - Stimuli img/target_3.png
43.5918 	DATA 	Keypress: r
45.2317 	DATA 	Keypress: e
45.3026 	DATA 	Trial 38 - Stimuli img/target_4.png
46.9363 	DATA 	Keypress: r
47.0206 	DATA 	Trial 39 - Stimuli img/target_5.png
48.4401 	DATA 	Keypress: v
48.5362 	DATA 	Trial 40 - Stimuli img/target_1.png
49.4804 	DATA 	Keypress: w
50.1841 	DATA 	Keypress: q
50.2534 	DATA 	Trial 41 - Stimuli img/target_6.png
51.9595 	DATA 	Keypress: b
52.0531 	DATA 	Trial 42 - Stimuli img/target_4.png
52.9195 	DATA 	Keypress: r
53.0042 	DATA 	Trial 43 - Stimuli img/target_5.png
54.3274 	DATA 	Keypress: v
54.4206 	DATA 	Trial 44 - Stimuli img/target_1.png
55.6880 	DATA 	Keypress: q
55.7719 	DATA 	Trial 45 - Stimuli img/target_9.png
59.1359 	DATA 	Keypress: p
60.2318 	DATA 	Keypress: o
60.3059 	DATA 	Trial 46 - Stimuli img/target_2.png
61.9679 	DATA 	Keypress: w
62.0541 	DATA 	Trial 47 - Stimuli img/target_9.png
63.5594 	DATA 	Keypress: o
63.6547 	DATA 	Trial 48 - Stimuli img/target_8.png
65.7190 	DATA 	Keypress: i
65.8052 	DATA 	Trial 49 - Stimuli img/target_10.png
66.8390 	DATA 	Keypress: p
66.9210 	DATA 	Trial 50 - Stimuli img/target_2.png
67.7276 	DATA 	Keypress: w
67.8214 	DATA 	Trial 51 - Stimuli img/target_1.png
68.6629 	DATA 	Keypress: q
68.7551 	DATA 	Trial 52 - Stimuli img/target_6.png
69.8309 	DATA 	Keypress: b
69.9220 	DATA 	Trial 53 - Stimuli img/target_7.png
70.9193 	DATA 	Keypress: u
71.0060 	DATA 	Trial 54 - Stimuli img/target_3.png
72.1515 	DATA 	Keypress: r
72.9193 	DATA 	Keypress: e
72.9898 	DATA 	Trial 55 - Stimuli img/target_10.png
75.0234 	DATA 	Keypress: p
75.1064 	DATA 	Trial 56 - Stimuli img/target_2.png
76.0468 	DATA 	Keypress: w
76.1396 	DATA 	Trial 57 - Stimuli img/target_10.png
77.1590 	DATA 	Keypress: p
77.2576 	DATA 	Trial 58 - Stimuli img/target_7.png
78.2868 	DATA 	Keypress: u
78.3735 	DATA 	Trial 59 - Stimuli img/target_10.png
79.2146 	DATA 	Keypress: p
79.3057 	DATA 	Trial 60 - Stimuli img/target_3.png
80.6225 	DATA 	Keypress: e
80.7069 	DATA 	Trial 61 - Stimuli img/target_7.png
82.0393 	DATA 	Keypress: u
82.1226 	DATA 	Trial 62 - Stimuli img/target_4.png
83.0385 	DATA 	Keypress: r
83.1229 	DATA 	Trial 63 - Stimuli img/target_3.png
84.3831 	DATA 	Keypress: e
84.4730 	DATA 	Trial 64 - Stimuli img/target_4.png
89.9028 	DATA 	Keypress: v
90.9502 	DATA 	Keypress: r
91.0240 	DATA 	Trial 65 - Stimuli img/target_6.png
93.9741 	DATA 	Keypress: u
94.7260 	DATA 	Keypress: b
94.7903 	DATA 	Trial 66 - Stimuli img/target_5.png
95.6944 	DATA 	Keypress: v
95.7918 	DATA 	Trial 67 - Stimuli img/target_4.png
96.5664 	DATA 	Keypress: r
96.6572 	DATA 	Trial 68 - Stimuli img/target_5.png
97.4620 	DATA 	Keypress: v
97.5594 	DATA 	Trial 69 - Stimuli img/target_9.png
99.4540 	DATA 	Keypress: o
99.5412 	DATA 	Trial 70 - Stimuli img/target_8.png
100.6780 	DATA 	Keypress: i
100.7753 	DATA 	Trial 71 - Stimuli img/target_9.png
102.6305 	DATA 	Keypress: o
102.7249 	DATA 	Trial 72 - Stimuli img/target_8.png
104.5656 	DATA 	Keypress: i
104.6582 	DATA 	Trial 73 - Stimuli img/target_9.png
105.7824 	DATA 	Keypress: o
105.8756 	DATA 	Trial 74 - Stimuli img/target_2.png
107.0455 	DATA 	Keypress: w
107.1262 	DATA 	Trial 75 - Stimuli img/target_10.png
108.4459 	DATA 	Keypress: p
108.5418 	DATA 	Trial 76 - Stimuli img/target_7.png
109.8536 	DATA 	Keypress: u
109.9421 	DATA 	Trial 77 - Stimuli img/target_10.png
113.2374 	DATA 	Keypress: p
113.3257 	DATA 	Trial 78 - Stimuli img/target_2.png
114.0779 	DATA 	Keypress: w
114.1598 	DATA 	Trial 79 - Stimuli img/target_8.png
115.7813 	DATA 	Keypress: i
115.8759 	DATA 	Trial 80 - Stimuli img/target_9.png
116.9413 	DATA 	Keypress: o
117.0272 	DATA 	Trial 81 - Stimuli img/target_2.png
118.2053 	DATA 	Keypress: w
118.2937 	DATA 	Trial 82 - Stimuli img/target_9.png
120.1174 	DATA 	Keypress: o
120.2097 	DATA 	Trial 83 - Stimuli img/target_5.png
121.2219 	DATA 	Keypress: v
121.3104 	DATA 	Trial 84 - Stimuli img/target_9.png
125.0690 	DATA 	Keypress: o
125.1605 	DATA 	Trial 85 - Stimuli img/target_8.png
127.0529 	DATA 	Keypress: i
127.1447 	DATA 	Trial 86 - Stimuli img/target_2.png
128.0369 	DATA 	Keypress: w
128.1274 	DATA 	Trial 87 - Stimuli img/target_9.png
129.3174 	DATA 	Keypress: o
129.4106 	DATA 	Trial 88 - Stimuli img/target_8.png
130.4528 	DATA 	Keypress: i
130.5440 	DATA 	Trial 89 - Stimuli img/target_2.png
131.2607 	DATA 	Keypress: w
131.3441 	DATA 	Trial 90 - Stimuli img/target_10.png
132.6447 	DATA 	Keypress: p
132.7282 	DATA 	Trial 91 - Stimuli img/target_3.png
134.3333 	DATA 	Keypress: e
134.4277 	DATA 	Trial 92 - Stimuli img/target_8.png
135.9566 	DATA 	Keypress: i
136.0450 	DATA 	Trial 93 - Stimuli img/target_9.png
137.1406 	DATA 	Keypress: o
137.2287 	DATA 	Trial 94 - Stimuli img/target_1.png
138.3972 	DATA 	Keypress: q
138.4948 	DATA 	Trial 95 - Stimuli img/target_6.png
140.0045 	DATA 	Keypress: b
140.0949 	DATA 	Trial 96 - Stimuli img/target_7.png
140.8848 	DATA 	Keypress: u
140.9791 	DATA 	Trial 97 - Stimuli img/target_6.png
141.8530 	DATA 	Keypress: b
141.9460 	DATA 	Trial 98 - Stimuli img/target_5.png
142.7647 	DATA 	Keypress: v
142.8462 	DATA 	Trial 99 - Stimuli img/target_4.png
143.7326 	DATA 	Keypress: r
143.8295 	DATA 	Trial 100 - Stimuli img/target_6.png
144.7323 	DATA 	Keypress: b
144.8129 	DATA 	Trial 101 - Stimuli img/target_4.png
145.8850 	DATA 	Keypress: r
145.9797 	DATA 	Trial 102 - Stimuli img/target_3.png
147.1088 	DATA 	Keypress: e
147.1959 	DATA 	Trial 103 - Stimuli img/target_7.png
148.0209 	DATA 	Keypress: u
148.1130 	DATA 	Trial 104 - Stimuli img/target_6.png
149.0522 	DATA 	Keypress: b
149.1467 	DATA 	Trial 105 - Stimuli img/target_4.png
149.9088 	DATA 	Keypress: r
149.9971 	DATA 	Trial 106 - Stimuli img/target_3.png
151.0123 	DATA 	Keypress: e
151.0971 	DATA 	Trial 107 - Stimuli img/target_4.png
151.9407 	DATA 	Keypress: r
152.0307 	DATA 	Trial 108 - Stimuli img/target_3.png
153.4127 	DATA 	Keypress: e
153.4970 	DATA 	Trial 109 - Stimuli img/target_4.png
154.3241 	DATA 	Keypress: r
154.4142 	DATA 	Trial 110 - Stimuli img/target_3.png
155.4286 	DATA 	Keypress: e
155.5147 	DATA 	Trial 111 - Stimuli img/target_4.png
156.5164 	DATA 	Keypress: r
156.6140 	DATA 	Trial 112 - Stimuli img/target_5.png
157.6286 	DATA 	Keypress: v
157.7142 	DATA 	Trial 113 - Stimuli img/target_1.png
158.5806 	DATA 	Keypress: q
158.6633 	DATA 	Trial 114 - Stimuli img/target_6.png
159.8839 	DATA 	Keypress: b
159.9637 	DATA 	Trial 115 - Stimuli img/target_4.png
160.7325 	DATA 	Keypress: r
160.8312 	DATA 	Trial 116 - Stimuli img/target_7.png
161.6759 	DATA 	Keypress: u
161.7646 	DATA 	Trial 117 - Stimuli img/target_3.png
162.9564 	DATA 	Keypress: e
163.0481 	DATA 	Trial 118 - Stimuli img/target_4.png
164.0357 	DATA 	Keypress: r
164.1313 	DATA 	Trial 119 - Stimuli img/target_6.png
164.7637 	DATA 	Keypress: b
164.8472 	DATA 	Trial 120 - Stimuli img/target_1.png
165.5643 	DATA 	Keypress: q
165.6480 	DATA 	Trial 121 - Stimuli img/target_5.png
166.6197 	DATA 	Keypress: v
166.7154 	DATA 	Trial 122 - Stimuli img/target_1.png
167.5316 	DATA 	Keypress: q
167.6144 	DATA 	Trial 123 - Stimuli img/target_2.png
168.6842 	DATA 	Keypress: w
168.7814 	DATA 	Trial 124 - Stimuli img/target_9.png
170.0039 	DATA 	Keypress: o
170.0987 	DATA 	Trial 125 - Stimuli img/target_5.png
170.9880 	DATA 	Keypress: v
171.0822 	DATA 	Trial 126 - Stimuli img/target_4.png
171.8201 	DATA 	Keypress: r
171.9154 	DATA 	Trial 127 - Stimuli img/target_5.png
172.7401 	DATA 	Keypress: v
172.8329 	DATA 	Trial 128 - Stimuli img/target_1.png
173.7082 	DATA 	Keypress: q
173.7988 	DATA 	Trial 129 - Stimuli img/target_6.png
174.6034 	DATA 	Keypress: b
174.6993 	DATA 	Trial 130 - Stimuli img/target_1.png
175.5635 	DATA 	Keypress: q
175.6485 	DATA 	Trial 131 - Stimuli img/target_9.png
176.9315 	DATA 	Keypress: o
177.0161 	DATA 	Trial 132 - Stimuli img/target_1.png
178.1558 	DATA 	Keypress: q
178.2501 	DATA 	Trial 133 - Stimuli img/target_2.png
179.3712 	DATA 	Keypress: w
179.4664 	DATA 	Trial 134 - Stimuli img/target_1.png
180.7158 	DATA 	Keypress: w
181.5231 	DATA 	Keypress: q
181.5993 	DATA 	Trial 135 - Stimuli img/target_5.png
182.6433 	DATA 	Keypress: v
182.7332 	DATA 	Trial 136 - Stimuli img/target_4.png
183.3869 	DATA 	Keypress: r
183.4663 	DATA 	Trial 137 - Stimuli img/target_7.png
184.7870 	DATA 	Keypress: u
184.8834 	DATA 	Trial 138 - Stimuli img/target_3.png
186.3310 	DATA 	Keypress: e
186.4167 	DATA 	Trial 139 - Stimuli img/target_8.png
188.0349 	DATA 	Keypress: i
188.1176 	DATA 	Trial 140 - Stimuli img/target_2.png
189.1949 	DATA 	Keypress: w
189.2830 	DATA 	Trial 141 - Stimuli img/target_8.png
190.8430 	DATA 	Keypress: u
191.4748 	DATA 	Keypress: i
191.5509 	DATA 	Trial 142 - Stimuli img/target_2.png
192.4034 	DATA 	Keypress: w
192.5011 	DATA 	Trial 143 - Stimuli img/target_1.png
193.2593 	DATA 	Keypress: q
193.3508 	DATA 	Trial 144 - Stimuli img/target_9.png
194.4827 	DATA 	Keypress: o
194.5677 	DATA 	Trial 145 - Stimuli img/target_2.png
195.2752 	DATA 	Keypress: w
195.3678 	DATA 	Trial 146 - Stimuli img/target_1.png
196.1549 	DATA 	Keypress: q
196.2503 	DATA 	Trial 147 - Stimuli img/target_2.png
197.0186 	DATA 	Keypress: w
197.1011 	DATA 	Trial 148 - Stimuli img/target_10.png
198.4665 	DATA 	Keypress: o
199.2504 	DATA 	Keypress: p
199.3181 	DATA 	Trial 149 - Stimuli img/target_7.png
200.6346 	DATA 	Keypress: u
200.7179 	DATA 	Trial 150 - Stimuli img/target_3.png
201.9386 	DATA 	Keypress: e
202.0351 	DATA 	Trial 151 - Stimuli img/target_8.png
203.2183 	DATA 	Keypress: i
203.3028 	DATA 	Trial 152 - Stimuli img/target_9.png
204.2744 	DATA 	Keypress: o
204.3677 	DATA 	Trial 153 - Stimuli img/target_5.png
205.2270 	DATA 	Keypress: v
205.3187 	DATA 	Trial 154 - Stimuli img/target_6.png
206.5383 	DATA 	Keypress: b
206.6183 	DATA 	Trial 155 - Stimuli img/target_5.png
207.6342 	DATA 	Keypress: v
207.7190 	DATA 	Trial 156 - Stimuli img/target_4.png
208.4424 	DATA 	Keypress: r
208.5364 	DATA 	Trial 157 - Stimuli img/target_3.png
209.3223 	DATA 	Keypress: e
209.4189 	DATA 	Trial 158 - Stimuli img/target_4.png
210.2427 	DATA 	Keypress: r
210.3359 	DATA 	Trial 159 - Stimuli img/target_6.png
211.3379 	DATA 	Keypress: b
211.4193 	DATA 	Trial 160 - Stimuli img/target_1.png
212.0580 	DATA 	Keypress: q
212.1532 	DATA 	Trial 161 - Stimuli img/target_6.png
213.5302 	DATA 	Keypress: b
213.6194 	DATA 	Trial 162 - Stimuli img/target_7.png
214.7141 	DATA 	Keypress: u
214.8024 	DATA 	Trial 163 - Stimuli img/target_10.png
215.7063 	DATA 	Keypress: p
215.8029 	DATA 	Trial 164 - Stimuli img/target_2.png
216.6900 	DATA 	Keypress: w
216.7868 	DATA 	Trial 165 - Stimuli img/target_8.png
219.0738 	DATA 	Keypress: i
219.1695 	DATA 	Trial 166 - Stimuli img/target_3.png
220.2657 	DATA 	Keypress: r
220.9297 	DATA 	Keypress: e
221.0036 	DATA 	Trial 167 - Stimuli img/target_7.png
221.9296 	DATA 	Keypress: u
222.0195 	DATA 	Trial 168 - Stimuli img/target_10.png
222.7704 	DATA 	Keypress: p
222.8539 	DATA 	Trial 169 - Stimuli img/target_3.png
224.4742 	DATA 	Keypress: e
224.5707 	DATA 	Trial 170 - Stimuli img/target_8.png
225.9456 	DATA 	Keypress: i
226.0373 	DATA 	Trial 171 - Stimuli img/target_9.png
226.9062 	DATA 	Keypress: o
226.9873 	DATA 	Trial 172 - Stimuli img/target_5.png
227.9375 	DATA 	Keypress: v
228.0212 	DATA 	Trial 173 - Stimuli img/target_4.png
228.8023 	DATA 	Keypress: r
228.8871 	DATA 	Trial 174 - Stimuli img/target_7.png
230.4095 	DATA 	Keypress: u
230.5046 	DATA 	Trial 175 - Stimuli img/target_10.png
231.9941 	DATA 	Keypress: p
232.0880 	DATA 	Trial 176 - Stimuli img/target_7.png
232.8099 	DATA 	Keypress: u
232.9048 	DATA 	Trial 177 - Stimuli img/target_6.png
233.6980 	DATA 	Keypress: b
233.7872 	DATA 	Trial 178 - Stimuli img/target_7.png
234.9532 	DATA 	Keypress: u
235.0380 	DATA 	Trial 179 - Stimuli img/target_3.png
236.1055 	DATA 	Keypress: e
236.1888 	DATA 	Trial 180 - Stimuli img/target_10.png
237.0499 	DATA 	Keypress: p
237.1391 	DATA 	Trial 181 - Stimuli img/target_8.png
238.0020 	DATA 	Keypress: i
238.0888 	DATA 	Trial 182 - Stimuli img/target_9.png
239.4492 	DATA 	Keypress: o
239.5383 	DATA 	Trial 183 - Stimuli img/target_5.png
240.5858 	DATA 	Keypress: v
240.6726 	DATA 	Trial 184 - Stimuli img/target_6.png
241.6657 	DATA 	Keypress: b
241.7551 	DATA 	Trial 185 - Stimuli img/target_7.png
242.6092 	DATA 	Keypress: u
242.7057 	DATA 	Trial 186 - Stimuli img/target_3.png
243.6016 	DATA 	Keypress: e
243.6893 	DATA 	Trial 187 - Stimuli img/target_10.png
244.4569 	DATA 	Keypress: p
244.5385 	DATA 	Trial 188 - Stimuli img/target_3.png
245.6012 	DATA 	Keypress: e
245.6890 	DATA 	Trial 189 - Stimuli img/target_10.png
246.5450 	DATA 	Keypress: p
246.6400 	DATA 	Trial 190 - Stimuli img/target_7.png
247.4175 	DATA 	Keypress: u
247.5068 	DATA 	Trial 191 - Stimuli img/target_6.png
248.2815 	DATA 	Keypress: b
248.3732 	DATA 	Trial 192 - Stimuli img/target_7.png
249.4575 	DATA 	Keypress: u
249.5405 	DATA 	Trial 193 - Stimuli img/target_10.png
250.3055 	DATA 	Keypress: p
250.3894 	DATA 	Trial 194 - Stimuli img/target_8.png
251.5289 	DATA 	Keypress: i
251.6238 	DATA 	Trial 195 - Stimuli img/target_9.png
253.2813 	DATA 	Keypress: o
253.3743 	DATA 	Trial 196 - Stimuli img/target_5.png
254.6326 	DATA 	Keypress: v
254.7226 	DATA 	Trial 197 - Stimuli img/target_1.png
255.4813 	DATA 	Keypress: q
255.5728 	DATA 	Trial 198 - Stimuli img/target_2.png
258.2645 	DATA 	Keypress: w
258.3568 	DATA 	Trial 199 - Stimuli img/target_10.png
259.6404 	DATA 	Keypress: p
259.7236 	DATA 	Trial 200 - Stimuli img/target_2.png
260.5931 	DATA 	Keypress: w
260.6904 	DATA 	Trial 201 - Stimuli img/target_1.png
261.3605 	DATA 	Keypress: q
261.4407 	DATA 	Trial 202 - Stimuli img/target_6.png
262.3690 	DATA 	Keypress: b
262.4575 	DATA 	Trial 203 - Stimuli img/target_4.png
263.6563 	DATA 	Keypress: r
263.7406 	DATA 	Trial 204 - Stimuli img/target_7.png
264.5682 	DATA 	Keypress: u
264.6569 	DATA 	Trial 205 - Stimuli img/target_10.png
265.4327 	DATA 	Keypress: p
265.5243 	DATA 	Trial 206 - Stimuli img/target_3.png
266.8488 	DATA 	Keypress: e
266.9412 	DATA 	Trial 207 - Stimuli img/target_8.png
267.9762 	DATA 	Keypress: u
268.6882 	DATA 	Keypress: i
268.7582 	DATA 	Trial 208 - Stimuli img/target_2.png
270.0568 	DATA 	Keypress: w
270.1419 	DATA 	Trial 209 - Stimuli img/target_1.png
270.8722 	DATA 	Keypress: q
270.9584 	DATA 	Trial 210 - Stimuli img/target_2.png
271.8960 	DATA 	Keypress: w
271.9928 	DATA 	Trial 211 - Stimuli img/target_1.png
272.7200 	DATA 	Keypress: q
272.8089 	DATA 	Trial 212 - Stimuli img/target_6.png
274.1919 	DATA 	Keypress: b
274.2749 	DATA 	Trial 213 - Stimuli img/target_1.png
274.9760 	DATA 	Keypress: q
275.0591 	DATA 	Trial 214 - Stimuli img/target_2.png
276.0240 	DATA 	Keypress: w
276.1096 	DATA 	Trial 215 - Stimuli img/target_9.png
277.2878 	DATA 	Keypress: o
277.3761 	DATA 	Trial 216 - Stimuli img/target_1.png
278.1524 	DATA 	Keypress: q
278.2421 	DATA 	Trial 217 - Stimuli img/target_9.png
279.3364 	DATA 	Keypress: o
279.4258 	DATA 	Trial 218 - Stimuli img/target_5.png
280.3763 	DATA 	Keypress: v
280.4761 	DATA 	Trial 219 - Stimuli img/target_6.png
281.4076 	DATA 	Keypress: b
281.4928 	DATA 	Trial 220 - Stimuli img/target_5.png
282.5517 	DATA 	Keypress: v
282.6422 	DATA 	Trial 221 - Stimuli img/target_1.png
283.2722 	DATA 	Keypress: q
283.3597 	DATA 	Trial 222 - Stimuli img/target_9.png
284.4878 	DATA 	Keypress: o
284.5759 	DATA 	Trial 223 - Stimuli img/target_1.png
285.3117 	DATA 	Keypress: q
285.3932 	DATA 	Trial 224 - Stimuli img/target_9.png
286.7678 	DATA 	Keypress: o
286.8588 	DATA 	Trial 225 - Stimuli img/target_1.png
287.5601 	DATA 	Keypress: q
287.6436 	DATA 	Trial 226 - Stimuli img/target_5.png
288.3680 	DATA 	Keypress: v
288.4601 	DATA 	Trial 227 - Stimuli img/target_1.png
289.6796 	DATA 	Keypress: q
289.7602 	DATA 	Trial 228 - Stimuli img/target_2.png
290.5602 	DATA 	Keypress: w
290.6434 	DATA 	Trial 229 - Stimuli img/target_9.png
291.4714 	DATA 	Keypress: o
291.5605 	DATA 	Trial 230 - Stimuli img/target_5.png
292.3352 	DATA 	Keypress: v
292.4272 	DATA 	Trial 231 - Stimuli img/target_9.png
293.3112 	DATA 	Keypress: o
293.3934 	DATA 	Trial 232 - Stimuli img/target_1.png
294.2315 	DATA 	Keypress: q
294.3271 	DATA 	Trial 233 - Stimuli img/target_5.png
294.9994 	DATA 	Keypress: b
295.8711 	DATA 	Keypress: v
295.9433 	DATA 	Trial 234 - Stimuli img/target_4.png
297.0071 	DATA 	Keypress: r
297.0943 	DATA 	Trial 235 - Stimuli img/target_6.png
298.6071 	DATA 	Keypress: b
298.6939 	DATA 	Trial 236 - Stimuli img/target_1.png
299.3598 	DATA 	Keypress: q
299.4441 	DATA 	Trial 237 - Stimuli img/target_5.png
300.5994 	DATA 	Keypress: v
300.6936 	DATA 	Trial 238 - Stimuli img/target_6.png
301.4077 	DATA 	Keypress: o
302.1036 	DATA 	Keypress: b
302.1772 	DATA 	Trial 239 - Stimuli img/target_5.png
302.9274 	DATA 	Keypress: v
303.0113 	DATA 	Trial 240 - Stimuli img/target_6.png
303.6710 	DATA 	Keypress: b
303.7611 	DATA 	Trial 241 - Stimuli img/target_5.png
304.3189 	DATA 	Keypress: v
304.4117 	DATA 	Trial 242 - Stimuli img/target_1.png
305.0634 	DATA 	Keypress: q
305.1615 	DATA 	Trial 243 - Stimuli img/target_2.png
305.9992 	DATA 	Keypress: w
306.0957 	DATA 	Trial 244 - Stimuli img/target_9.png
307.1272 	DATA 	Keypress: o
307.2107 	DATA 	Trial 245 - Stimuli img/target_5.png
308.0307 	DATA 	Keypress: v
308.1124 	DATA 	Trial 246 - Stimuli img/target_6.png
308.9832 	DATA 	Keypress: b
309.0779 	DATA 	Trial 247 - Stimuli img/target_1.png
309.7756 	DATA 	Keypress: q
309.8615 	DATA 	Trial 248 - Stimuli img/target_9.png
310.9746 	DATA 	Keypress: o
311.0620 	DATA 	Trial 249 - Stimuli img/target_1.png
311.8707 	DATA 	Keypress: q
311.9631 	DATA 	Trial 250 - Stimuli img/target_2.png
313.0306 	DATA 	Keypress: w
330.7097 	DATA 	Keypress: return
530.8229 	DATA 	Keypress: return
530.8276 	DATA 	Trial 251 - Stimuli img/target_1.png
533.0165 	DATA 	Mouse: wheel shift=(0,0), pos=(1382,122)
533.0735 	DATA 	Mouse: wheel shift=(0,0), pos=(1382,122)
536.9995 	DATA 	Keypress: q
537.0836 	DATA 	Trial 252 - Stimuli img/target_9.png
538.0868 	DATA 	Keypress: q
539.2633 	DATA 	Keypress: o
539.3346 	DATA 	Trial 253 - Stimuli img/target_5.png
540.2795 	DATA 	Keypress: v
540.3677 	DATA 	Trial 254 - Stimuli img/target_4.png
542.3592 	DATA 	Keypress: r
542.4508 	DATA 	Trial 255 - Stimuli img/target_7.png
543.1034 	DATA 	Keypress: u
543.2014 	DATA 	Trial 256 - Stimuli img/target_4.png
544.0473 	DATA 	Keypress: r
544.1344 	DATA 	Trial 257 - Stimuli img/target_6.png
544.8707 	DATA 	Keypress: b
544.9508 	DATA 	Trial 258 - Stimuli img/target_1.png
545.9434 	DATA 	Keypress: q
546.0350 	DATA 	Trial 259 - Stimuli img/target_5.png
546.8226 	DATA 	Keypress: v
546.9180 	DATA 	Trial 260 - Stimuli img/target_1.png
547.4791 	DATA 	Keypress: q
547.5674 	DATA 	Trial 261 - Stimuli img/target_9.png
548.3668 	DATA 	Keypress: o
548.4515 	DATA 	Trial 262 - Stimuli img/target_2.png
549.7745 	DATA 	Keypress: w
549.8684 	DATA 	Trial 263 - Stimuli img/target_10.png
551.0950 	DATA 	Keypress: p
551.1844 	DATA 	Trial 264 - Stimuli img/target_3.png
552.1345 	DATA 	Keypress: r
553.0064 	DATA 	Keypress: e
553.0846 	DATA 	Trial 265 - Stimuli img/target_10.png
554.5991 	DATA 	Keypress: p
554.6855 	DATA 	Trial 266 - Stimuli img/target_8.png
556.8542 	DATA 	Keypress: i
556.9361 	DATA 	Trial 267 - Stimuli img/target_9.png
558.1669 	DATA 	Keypress: o
558.2526 	DATA 	Trial 268 - Stimuli img/target_5.png
559.4222 	DATA 	Keypress: v
559.5027 	DATA 	Trial 269 - Stimuli img/target_1.png
560.1501 	DATA 	Keypress: q
560.2352 	DATA 	Trial 270 - Stimuli img/target_6.png
562.4940 	DATA 	Keypress: b
562.5863 	DATA 	Trial 271 - Stimuli img/target_1.png
563.2622 	DATA 	Keypress: q
563.3529 	DATA 	Trial 272 - Stimuli img/target_2.png
564.2388 	DATA 	Keypress: w
564.3375 	DATA 	Trial 273 - Stimuli img/target_1.png
569.6703 	DATA 	Keypress: q
569.7537 	DATA 	Trial 274 - Stimuli img/target_9.png
570.7744 	DATA 	Keypress: o
570.8696 	DATA 	Trial 275 - Stimuli img/target_5.png
571.9102 	DATA 	Keypress: v
572.0033 	DATA 	Trial 276 - Stimuli img/target_4.png
574.0305 	DATA 	Keypress: r
574.1207 	DATA 	Trial 277 - Stimuli img/target_3.png
575.2381 	DATA 	Keypress: e
575.3209 	DATA 	Trial 278 - Stimuli img/target_10.png
576.2695 	DATA 	Keypress: o
577.0297 	DATA 	Keypress: p
577.1052 	DATA 	Trial 279 - Stimuli img/target_7.png
578.0135 	DATA 	Keypress: u
578.1039 	DATA 	Trial 280 - Stimuli img/target_6.png
578.9017 	DATA 	Keypress: b
578.9880 	DATA 	Trial 281 - Stimuli img/target_1.png
579.5978 	DATA 	Keypress: q
579.6872 	DATA 	Trial 282 - Stimuli img/target_6.png
580.7255 	DATA 	Keypress: b
580.8217 	DATA 	Trial 283 - Stimuli img/target_7.png
581.6541 	DATA 	Keypress: u
581.7375 	DATA 	Trial 284 - Stimuli img/target_6.png
582.9015 	DATA 	Keypress: b
582.9881 	DATA 	Trial 285 - Stimuli img/target_1.png
583.6453 	DATA 	Keypress: q
583.7382 	DATA 	Trial 286 - Stimuli img/target_6.png
584.8293 	DATA 	Keypress: b
584.9208 	DATA 	Trial 287 - Stimuli img/target_7.png
585.7339 	DATA 	Keypress: u
585.8216 	DATA 	Trial 288 - Stimuli img/target_10.png
586.5256 	DATA 	Keypress: p
586.6221 	DATA 	Trial 289 - Stimuli img/target_2.png
587.4935 	DATA 	Keypress: w
587.5889 	DATA 	Trial 290 - Stimuli img/target_1.png
588.4059 	DATA 	Keypress: q
588.4889 	DATA 	Trial 291 - Stimuli img/target_6.png
589.4292 	DATA 	Keypress: b
589.5226 	DATA 	Trial 292 - Stimuli img/target_4.png
590.5493 	DATA 	Keypress: r
590.6386 	DATA 	Trial 293 - Stimuli img/target_5.png
591.5099 	DATA 	Keypress: v
591.6058 	DATA 	Trial 294 - Stimuli img/target_4.png
592.5251 	DATA 	Keypress: r
592.6058 	DATA 	Trial 295 - Stimuli img/target_7.png
593.3097 	DATA 	Keypress: u
593.4067 	DATA 	Trial 296 - Stimuli img/target_6.png
594.4609 	DATA 	Keypress: b
594.5560 	DATA 	Trial 297 - Stimuli img/target_5.png
595.4770 	DATA 	Keypress: v
595.5731 	DATA 	Trial 298 - Stimuli img/target_6.png
596.0689 	DATA 	Keypress: b
596.1564 	DATA 	Trial 299 - Stimuli img/target_5.png
596.6455 	DATA 	Keypress: v
596.7390 	DATA 	Trial 300 - Stimuli img/target_4.png
597.5575 	DATA 	Keypress: r
597.6402 	DATA 	Trial 301 - Stimuli img/target_3.png
598.4290 	DATA 	Keypress: e
598.5232 	DATA 	Trial 302 - Stimuli img/target_4.png
599.5570 	DATA 	Keypress: r
599.6398 	DATA 	Trial 303 - Stimuli img/target_3.png
600.5407 	DATA 	Keypress: e
600.6226 	DATA 	Trial 304 - Stimuli img/target_10.png
601.8049 	DATA 	Keypress: p
601.8897 	DATA 	Trial 305 - Stimuli img/target_3.png
603.1569 	DATA 	Keypress: e
603.2406 	DATA 	Trial 306 - Stimuli img/target_7.png
604.1089 	DATA 	Keypress: u
604.1903 	DATA 	Trial 307 - Stimuli img/target_3.png
605.0526 	DATA 	Keypress: e
605.1405 	DATA 	Trial 308 - Stimuli img/target_10.png
605.9965 	DATA 	Keypress: p
606.0896 	DATA 	Trial 309 - Stimuli img/target_8.png
607.5567 	DATA 	Keypress: i
607.6414 	DATA 	Trial 310 - Stimuli img/target_2.png
609.6124 	DATA 	Keypress: w
609.7076 	DATA 	Trial 311 - Stimuli img/target_8.png
610.8767 	DATA 	Keypress: i
610.9741 	DATA 	Trial 312 - Stimuli img/target_10.png
611.7652 	DATA 	Keypress: p
611.8576 	DATA 	Trial 313 - Stimuli img/target_8.png
612.8604 	DATA 	Keypress: i
612.9405 	DATA 	Trial 314 - Stimuli img/target_10.png
614.0603 	DATA 	Keypress: p
614.1416 	DATA 	Trial 315 - Stimuli img/target_3.png
615.4122 	DATA 	Keypress: e
615.5072 	DATA 	Trial 316 - Stimuli img/target_10.png
616.5322 	DATA 	Keypress: p
616.6248 	DATA 	Trial 317 - Stimuli img/target_8.png
618.3001 	DATA 	Keypress: i
618.3908 	DATA 	Trial 318 - Stimuli img/target_9.png
619.6361 	DATA 	Keypress: o
619.6689 	DATA 	Keypress: p
619.7253 	DATA 	Trial 319 - Stimuli img/target_5.png
621.0360 	DATA 	Keypress: v
621.1252 	DATA 	Trial 320 - Stimuli img/target_9.png
622.3880 	DATA 	Keypress: o
622.4755 	DATA 	Trial 321 - Stimuli img/target_5.png
623.7800 	DATA 	Keypress: v
623.8750 	DATA 	Trial 322 - Stimuli img/target_9.png
625.4280 	DATA 	Keypress: o
625.5088 	DATA 	Trial 323 - Stimuli img/target_2.png
626.6518 	DATA 	Keypress: w
626.7422 	DATA 	Trial 324 - Stimuli img/target_1.png
627.4607 	DATA 	Keypress: q
627.5593 	DATA 	Trial 325 - Stimuli img/target_2.png
628.2199 	DATA 	Keypress: w
628.3092 	DATA 	Trial 326 - Stimuli img/target_9.png
629.0604 	DATA 	Keypress: o
629.1592 	DATA 	Trial 327 - Stimuli img/target_2.png
629.9723 	DATA 	Keypress: w
630.0588 	DATA 	Trial 328 - Stimuli img/target_8.png
630.8197 	DATA 	Keypress: i
630.9092 	DATA 	Trial 329 - Stimuli img/target_2.png
631.7004 	DATA 	Keypress: w
631.7927 	DATA 	Trial 330 - Stimuli img/target_8.png
632.9878 	DATA 	Keypress: i
633.0758 	DATA 	Trial 331 - Stimuli img/target_9.png
633.8125 	DATA 	Keypress: o
633.9098 	DATA 	Trial 332 - Stimuli img/target_1.png
634.8036 	DATA 	Keypress: q
634.8933 	DATA 	Trial 333 - Stimuli img/target_6.png
635.8363 	DATA 	Keypress: b
635.9259 	DATA 	Trial 334 - Stimuli img/target_7.png
636.7315 	DATA 	Keypress: i
637.3157 	DATA 	Keypress: u
637.3927 	DATA 	Trial 335 - Stimuli img/target_4.png
638.1717 	DATA 	Keypress: r
638.2602 	DATA 	Trial 336 - Stimuli img/target_7.png
639.0917 	DATA 	Keypress: i
640.0596 	DATA 	Keypress: u
640.1265 	DATA 	Trial 337 - Stimuli img/target_4.png
640.8761 	DATA 	Keypress: r
640.9601 	DATA 	Trial 338 - Stimuli img/target_6.png
641.8115 	DATA 	Keypress: b
641.8930 	DATA 	Trial 339 - Stimuli img/target_1.png
642.5238 	DATA 	Keypress: q
642.6104 	DATA 	Trial 340 - Stimuli img/target_2.png
643.4198 	DATA 	Keypress: w
643.5112 	DATA 	Trial 341 - Stimuli img/target_9.png
644.4438 	DATA 	Keypress: o
644.5277 	DATA 	Trial 342 - Stimuli img/target_2.png
645.3558 	DATA 	Keypress: w
645.4445 	DATA 	Trial 343 - Stimuli img/target_9.png
646.5553 	DATA 	Keypress: o
646.6439 	DATA 	Trial 344 - Stimuli img/target_1.png
647.4357 	DATA 	Keypress: q
647.5287 	DATA 	Trial 345 - Stimuli img/target_5.png
648.4117 	DATA 	Keypress: v
648.4948 	DATA 	Trial 346 - Stimuli img/target_9.png
649.4352 	DATA 	Keypress: o
649.5284 	DATA 	Trial 347 - Stimuli img/target_5.png
650.5150 	DATA 	Keypress: v
650.6112 	DATA 	Trial 348 - Stimuli img/target_6.png
651.4436 	DATA 	Keypress: b
651.5277 	DATA 	Trial 349 - Stimuli img/target_4.png
652.3154 	DATA 	Keypress: r
652.4111 	DATA 	Trial 350 - Stimuli img/target_5.png
653.2990 	DATA 	Keypress: v
653.3947 	DATA 	Trial 351 - Stimuli img/target_6.png
654.2110 	DATA 	Keypress: b
654.2941 	DATA 	Trial 352 - Stimuli img/target_7.png
655.0670 	DATA 	Keypress: u
655.1619 	DATA 	Trial 353 - Stimuli img/target_10.png
655.8989 	DATA 	Keypress: p
655.9950 	DATA 	Trial 354 - Stimuli img/target_8.png
657.6592 	DATA 	Keypress: i
657.7456 	DATA 	Trial 355 - Stimuli img/target_3.png
658.8429 	DATA 	Keypress: r
659.4192 	DATA 	Keypress: e
659.4958 	DATA 	Trial 356 - Stimuli img/target_10.png
660.5467 	DATA 	Keypress: p
660.6288 	DATA 	Trial 357 - Stimuli img/target_7.png
661.4747 	DATA 	Keypress: u
661.5622 	DATA 	Trial 358 - Stimuli img/target_6.png
662.2826 	DATA 	Keypress: b
662.3786 	DATA 	Trial 359 - Stimuli img/target_4.png
663.2745 	DATA 	Keypress: r
663.3625 	DATA 	Trial 360 - Stimuli img/target_5.png
664.4186 	DATA 	Keypress: v
664.5124 	DATA 	Trial 361 - Stimuli img/target_4.png
665.2825 	DATA 	Keypress: r
665.3630 	DATA 	Trial 362 - Stimuli img/target_5.png
666.3225 	DATA 	Keypress: v
666.4129 	DATA 	Trial 363 - Stimuli img/target_6.png
667.1150 	DATA 	Keypress: b
667.1955 	DATA 	Trial 364 - Stimuli img/target_4.png
667.9946 	DATA 	Keypress: r
668.0796 	DATA 	Trial 365 - Stimuli img/target_6.png
668.9067 	DATA 	Keypress: b
668.9965 	DATA 	Trial 366 - Stimuli img/target_1.png
669.6349 	DATA 	Keypress: q
669.7299 	DATA 	Trial 367 - Stimuli img/target_2.png
670.4586 	DATA 	Keypress: w
670.5459 	DATA 	Trial 368 - Stimuli img/target_9.png
671.4110 	DATA 	Keypress: o
671.4963 	DATA 	Trial 369 - Stimuli img/target_8.png
673.4189 	DATA 	Keypress: i
673.5137 	DATA 	Trial 370 - Stimuli img/target_2.png
674.3623 	DATA 	Keypress: w
674.4472 	DATA 	Trial 371 - Stimuli img/target_8.png
675.3862 	DATA 	Keypress: i
675.4813 	DATA 	Trial 372 - Stimuli img/target_3.png
676.6744 	DATA 	Keypress: e
676.7641 	DATA 	Trial 373 - Stimuli img/target_7.png
677.8982 	DATA 	Keypress: u
677.9800 	DATA 	Trial 374 - Stimuli img/target_6.png
678.7701 	DATA 	Keypress: b
678.8643 	DATA 	Trial 375 - Stimuli img/target_7.png
679.7223 	DATA 	Keypress: u
679.8138 	DATA 	Trial 376 - Stimuli img/target_6.png
680.8980 	DATA 	Keypress: b
680.9808 	DATA 	Trial 377 - Stimuli img/target_4.png
681.7546 	DATA 	Keypress: r
681.8478 	DATA 	Trial 378 - Stimuli img/target_7.png
682.6345 	DATA 	Keypress: u
682.7312 	DATA 	Trial 379 - Stimuli img/target_6.png
683.5138 	DATA 	Keypress: b
683.5982 	DATA 	Trial 380 - Stimuli img/target_7.png
684.3380 	DATA 	Keypress: u
684.4306 	DATA 	Trial 381 - Stimuli img/target_6.png
685.1062 	DATA 	Keypress: b
685.1979 	DATA 	Trial 382 - Stimuli img/target_5.png
686.0346 	DATA 	Keypress: v
686.1302 	DATA 	Trial 383 - Stimuli img/target_4.png
686.7706 	DATA 	Keypress: r
686.8648 	DATA 	Trial 384 - Stimuli img/target_5.png
687.6578 	DATA 	Keypress: b
688.6266 	DATA 	Keypress: v
688.6985 	DATA 	Trial 385 - Stimuli img/target_9.png
689.6662 	DATA 	Keypress: o
689.7482 	DATA 	Trial 386 - Stimuli img/target_1.png
690.4497 	DATA 	Keypress: q
690.5314 	DATA 	Trial 387 - Stimuli img/target_5.png
691.1461 	DATA 	Keypress: b
691.7862 	DATA 	Keypress: v
691.8647 	DATA 	Trial 388 - Stimuli img/target_9.png
692.8737 	DATA 	Keypress: o
692.9660 	DATA 	Trial 389 - Stimuli img/target_2.png
693.8415 	DATA 	Keypress: w
693.9318 	DATA 	Trial 390 - Stimuli img/target_10.png
694.6982 	DATA 	Keypress: p
694.7273 	DATA 	Keypress: o
694.7992 	DATA 	Trial 391 - Stimuli img/target_7.png
695.7616 	DATA 	Keypress: u
695.8486 	DATA 	Trial 392 - Stimuli img/target_3.png
696.7054 	DATA 	Keypress: e
696.7994 	DATA 	Trial 393 - Stimuli img/target_7.png
697.6975 	DATA 	Keypress: u
697.7827 	DATA 	Trial 394 - Stimuli img/target_3.png
698.5694 	DATA 	Keypress: e
698.6489 	DATA 	Trial 395 - Stimuli img/target_7.png
699.3619 	DATA 	Keypress: u
699.4487 	DATA 	Trial 396 - Stimuli img/target_3.png
700.3539 	DATA 	Keypress: e
700.4495 	DATA 	Trial 397 - Stimuli img/target_10.png
701.1852 	DATA 	Keypress: p
701.2656 	DATA 	Trial 398 - Stimuli img/target_2.png
702.4253 	DATA 	Keypress: w
702.5163 	DATA 	Trial 399 - Stimuli img/target_8.png
703.7853 	DATA 	Keypress: i
703.8664 	DATA 	Trial 400 - Stimuli img/target_9.png
704.7692 	DATA 	Keypress: o
704.8503 	DATA 	Trial 401 - Stimuli img/target_1.png
705.9052 	DATA 	Keypress: q
706.0002 	DATA 	Trial 402 - Stimuli img/target_6.png
706.6171 	DATA 	Keypress: b
706.7003 	DATA 	Trial 403 - Stimuli img/target_1.png
707.3058 	DATA 	Keypress: q
707.3999 	DATA 	Trial 404 - Stimuli img/target_5.png
708.2971 	DATA 	Keypress: v
708.3832 	DATA 	Trial 405 - Stimuli img/target_1.png
708.9456 	DATA 	Keypress: q
709.0340 	DATA 	Trial 406 - Stimuli img/target_9.png
709.7538 	DATA 	Keypress: o
709.8504 	DATA 	Trial 407 - Stimuli img/target_8.png
710.6017 	DATA 	Keypress: i
710.7006 	DATA 	Trial 408 - Stimuli img/target_2.png
711.4490 	DATA 	Keypress: w
711.5347 	DATA 	Trial 409 - Stimuli img/target_1.png
712.2811 	DATA 	Keypress: q
712.3671 	DATA 	Trial 410 - Stimuli img/target_5.png
713.3535 	DATA 	Keypress: v
713.4507 	DATA 	Trial 411 - Stimuli img/target_1.png
714.3135 	DATA 	Keypress: q
714.4015 	DATA 	Trial 412 - Stimuli img/target_5.png
716.0089 	DATA 	Keypress: v
716.1012 	DATA 	Trial 413 - Stimuli img/target_9.png
717.0810 	DATA 	Keypress: o
717.1675 	DATA 	Trial 414 - Stimuli img/target_8.png
718.0247 	DATA 	Keypress: i
718.1186 	DATA 	Trial 415 - Stimuli img/target_3.png
719.6571 	DATA 	Keypress: e
719.7511 	DATA 	Trial 416 - Stimuli img/target_4.png
720.8406 	DATA 	Keypress: r
720.9348 	DATA 	Trial 417 - Stimuli img/target_5.png
721.9366 	DATA 	Keypress: v
722.0184 	DATA 	Trial 418 - Stimuli img/target_6.png
722.8811 	DATA 	Keypress: b
722.9681 	DATA 	Trial 419 - Stimuli img/target_5.png
723.6011 	DATA 	Keypress: v
723.6855 	DATA 	Trial 420 - Stimuli img/target_6.png
724.4972 	DATA 	Keypress: b
724.5851 	DATA 	Trial 421 - Stimuli img/target_5.png
725.0725 	DATA 	Keypress: v
725.1685 	DATA 	Trial 422 - Stimuli img/target_9.png
725.9292 	DATA 	Keypress: o
726.0180 	DATA 	Trial 423 - Stimuli img/target_8.png
726.9044 	DATA 	Keypress: i
726.9853 	DATA 	Trial 424 - Stimuli img/target_3.png
728.0164 	DATA 	Keypress: e
728.1027 	DATA 	Trial 425 - Stimuli img/target_7.png
728.8884 	DATA 	Keypress: u
728.9691 	DATA 	Trial 426 - Stimuli img/target_4.png
729.8403 	DATA 	Keypress: r
729.9356 	DATA 	Trial 427 - Stimuli img/target_7.png
730.8331 	DATA 	Keypress: u
730.9192 	DATA 	Trial 428 - Stimuli img/target_10.png
731.9289 	DATA 	Keypress: p
732.0191 	DATA 	Trial 429 - Stimuli img/target_8.png
733.2322 	DATA 	Keypress: e
734.0483 	DATA 	Keypress: i
734.1191 	DATA 	Trial 430 - Stimuli img/target_3.png
735.3447 	DATA 	Keypress: e
735.4356 	DATA 	Trial 431 - Stimuli img/target_7.png
736.2889 	DATA 	Keypress: u
736.3852 	DATA 	Trial 432 - Stimuli img/target_10.png
737.3441 	DATA 	Keypress: p
737.4363 	DATA 	Trial 433 - Stimuli img/target_8.png
738.3447 	DATA 	Keypress: u
738.8568 	DATA 	Keypress: i
738.9357 	DATA 	Trial 434 - Stimuli img/target_10.png
739.7120 	DATA 	Keypress: p
739.8035 	DATA 	Trial 435 - Stimuli img/target_8.png
740.6799 	DATA 	Keypress: i
740.7701 	DATA 	Trial 436 - Stimuli img/target_9.png
743.0559 	DATA 	Keypress: o
743.1369 	DATA 	Trial 437 - Stimuli img/target_5.png
744.1366 	DATA 	Keypress: v
744.2197 	DATA 	Trial 438 - Stimuli img/target_1.png
745.0238 	DATA 	Keypress: q
745.1043 	DATA 	Trial 439 - Stimuli img/target_5.png
747.2477 	DATA 	Keypress: v
747.3376 	DATA 	Trial 440 - Stimuli img/target_4.png
748.2958 	DATA 	Keypress: r
748.3876 	DATA 	Trial 441 - Stimuli img/target_5.png
750.7682 	DATA 	Keypress: v
750.8545 	DATA 	Trial 442 - Stimuli img/target_6.png
753.1763 	DATA 	Keypress: b
753.2714 	DATA 	Trial 443 - Stimuli img/target_1.png
754.0636 	DATA 	Keypress: q
754.1555 	DATA 	Trial 444 - Stimuli img/target_5.png
754.9521 	DATA 	Keypress: v
755.0388 	DATA 	Trial 445 - Stimuli img/target_6.png
755.8800 	DATA 	Keypress: q
756.8554 	DATA 	Keypress: b
756.9216 	DATA 	Trial 446 - Stimuli img/target_7.png
757.8875 	DATA 	Keypress: u
757.9717 	DATA 	Trial 447 - Stimuli img/target_4.png
758.7279 	DATA 	Keypress: r
758.8220 	DATA 	Trial 448 - Stimuli img/target_5.png
759.7035 	DATA 	Keypress: v
759.7891 	DATA 	Trial 449 - Stimuli img/target_9.png
760.6714 	DATA 	Keypress: o
760.7550 	DATA 	Trial 450 - Stimuli img/target_5.png
761.6800 	DATA 	Keypress: v
761.7731 	DATA 	Trial 451 - Stimuli img/target_6.png
762.7353 	DATA 	Keypress: b
762.8219 	DATA 	Trial 452 - Stimuli img/target_7.png
763.6315 	DATA 	Keypress: u
763.7215 	DATA 	Trial 453 - Stimuli img/target_6.png
764.6951 	DATA 	Keypress: b
764.7893 	DATA 	Trial 454 - Stimuli img/target_1.png
765.4957 	DATA 	Keypress: q
765.5901 	DATA 	Trial 455 - Stimuli img/target_6.png
766.5272 	DATA 	Keypress: b
766.6225 	DATA 	Trial 456 - Stimuli img/target_7.png
767.4952 	DATA 	Keypress: u
767.5903 	DATA 	Trial 457 - Stimuli img/target_10.png
768.7194 	DATA 	Keypress: p
768.8062 	DATA 	Trial 458 - Stimuli img/target_3.png
771.6869 	DATA 	Keypress: e
771.7735 	DATA 	Trial 459 - Stimuli img/target_4.png
772.7110 	DATA 	Keypress: r
772.8068 	DATA 	Trial 460 - Stimuli img/target_3.png
773.5436 	DATA 	Keypress: e
773.6399 	DATA 	Trial 461 - Stimuli img/target_10.png
774.4388 	DATA 	Keypress: p
774.5233 	DATA 	Trial 462 - Stimuli img/target_2.png
775.6313 	DATA 	Keypress: w
775.7237 	DATA 	Trial 463 - Stimuli img/target_9.png
776.5834 	DATA 	Keypress: o
776.6727 	DATA 	Trial 464 - Stimuli img/target_8.png
778.2467 	DATA 	Keypress: i
778.3405 	DATA 	Trial 465 - Stimuli img/target_9.png
779.4146 	DATA 	Keypress: o
779.5069 	DATA 	Trial 466 - Stimuli img/target_8.png
780.4474 	DATA 	Keypress: i
780.5401 	DATA 	Trial 467 - Stimuli img/target_2.png
781.4548 	DATA 	Keypress: w
781.5407 	DATA 	Trial 468 - Stimuli img/target_8.png
782.5110 	DATA 	Keypress: i
782.6074 	DATA 	Trial 469 - Stimuli img/target_3.png
783.7190 	DATA 	Keypress: e
783.8076 	DATA 	Trial 470 - Stimuli img/target_10.png
784.8707 	DATA 	Keypress: p
784.9581 	DATA 	Trial 471 - Stimuli img/target_2.png
786.0631 	DATA 	Keypress: w
786.1582 	DATA 	Trial 472 - Stimuli img/target_9.png
787.1830 	DATA 	Keypress: o
787.2744 	DATA 	Trial 473 - Stimuli img/target_8.png
788.1105 	DATA 	Keypress: i
788.2071 	DATA 	Trial 474 - Stimuli img/target_10.png
789.0548 	DATA 	Keypress: p
789.1406 	DATA 	Trial 475 - Stimuli img/target_7.png
789.9903 	DATA 	Keypress: u
790.0742 	DATA 	Trial 476 - Stimuli img/target_4.png
790.8388 	DATA 	Keypress: r
790.9249 	DATA 	Trial 477 - Stimuli img/target_3.png
791.9183 	DATA 	Keypress: e
792.0082 	DATA 	Trial 478 - Stimuli img/target_7.png
793.0222 	DATA 	Keypress: u
793.1086 	DATA 	Trial 479 - Stimuli img/target_10.png
793.7741 	DATA 	Keypress: p
793.8599 	DATA 	Trial 480 - Stimuli img/target_7.png
795.0864 	DATA 	Keypress: u
795.1756 	DATA 	Trial 481 - Stimuli img/target_3.png
796.0621 	DATA 	Keypress: e
796.1592 	DATA 	Trial 482 - Stimuli img/target_4.png
797.3580 	DATA 	Keypress: r
797.4428 	DATA 	Trial 483 - Stimuli img/target_6.png
798.5180 	DATA 	Keypress: b
798.6082 	DATA 	Trial 484 - Stimuli img/target_4.png
799.4146 	DATA 	Keypress: r
799.5089 	DATA 	Trial 485 - Stimuli img/target_3.png
800.5183 	DATA 	Keypress: e
800.6093 	DATA 	Trial 486 - Stimuli img/target_4.png
801.3264 	DATA 	Keypress: r
801.4091 	DATA 	Trial 487 - Stimuli img/target_7.png
802.3662 	DATA 	Keypress: u
802.4597 	DATA 	Trial 488 - Stimuli img/target_3.png
803.3826 	DATA 	Keypress: e
803.4753 	DATA 	Trial 489 - Stimuli img/target_4.png
804.5737 	DATA 	Keypress: r
804.6600 	DATA 	Trial 490 - Stimuli img/target_6.png
805.5424 	DATA 	Keypress: b
805.6266 	DATA 	Trial 491 - Stimuli img/target_1.png
806.3184 	DATA 	Keypress: q
806.4088 	DATA 	Trial 492 - Stimuli img/target_9.png
807.5741 	DATA 	Keypress: o
807.6603 	DATA 	Trial 493 - Stimuli img/target_2.png
808.7021 	DATA 	Keypress: w
808.7942 	DATA 	Trial 494 - Stimuli img/target_9.png
809.6775 	DATA 	Keypress: o
809.7600 	DATA 	Trial 495 - Stimuli img/target_1.png
810.5821 	DATA 	Keypress: q
810.6773 	DATA 	Trial 496 - Stimuli img/target_6.png
811.8215 	DATA 	Keypress: b
811.9093 	DATA 	Trial 497 - Stimuli img/target_5.png
812.7574 	DATA 	Keypress: v
812.8436 	DATA 	Trial 498 - Stimuli img/target_9.png
814.2215 	DATA 	Keypress: o
814.3108 	DATA 	Trial 499 - Stimuli img/target_2.png
815.0698 	DATA 	Keypress: w
815.1601 	DATA 	Trial 500 - Stimuli img/target_9.png
816.0935 	DATA 	Keypress: o
822.1175 	DATA 	Keypress: return
912.2738 	DATA 	Keypress: return
912.2783 	DATA 	Trial 501 - Stimuli img/target_2.png
915.6180 	DATA 	Keypress: s
916.3366 	DATA 	Mouse: wheel shift=(0,0), pos=(1439,37)
916.3694 	DATA 	Mouse: wheel shift=(0,0), pos=(1439,37)
918.8660 	DATA 	Keypress: w
918.9366 	DATA 	Trial 502 - Stimuli img/target_9.png
920.2819 	DATA 	Keypress: o
920.3701 	DATA 	Trial 503 - Stimuli img/target_8.png
921.1458 	DATA 	Keypress: i
921.2374 	DATA 	Trial 504 - Stimuli img/target_10.png
921.7939 	DATA 	Keypress: p
921.8876 	DATA 	Trial 505 - Stimuli img/target_3.png
922.6339 	DATA 	Keypress: w
923.3945 	DATA 	Keypress: e
923.4707 	DATA 	Trial 506 - Stimuli img/target_8.png
924.5857 	DATA 	Keypress: i
924.6711 	DATA 	Trial 507 - Stimuli img/target_9.png
925.4502 	DATA 	Keypress: o
925.5380 	DATA 	Trial 508 - Stimuli img/target_8.png
925.9784 	DATA 	Keypress: i
926.0717 	DATA 	Trial 509 - Stimuli img/target_10.png
926.8096 	DATA 	Keypress: p
926.9038 	DATA 	Trial 510 - Stimuli img/target_8.png
927.7144 	DATA 	Keypress: i
927.8050 	DATA 	Trial 511 - Stimuli img/target_9.png
928.5935 	DATA 	Keypress: o
928.6874 	DATA 	Trial 512 - Stimuli img/target_2.png
929.3782 	DATA 	Keypress: w
929.4718 	DATA 	Trial 513 - Stimuli img/target_1.png
930.0262 	DATA 	Keypress: q
930.1210 	DATA 	Trial 514 - Stimuli img/target_5.png
933.9695 	DATA 	Keypress: v
934.0555 	DATA 	Trial 515 - Stimuli img/target_1.png
934.8820 	DATA 	Keypress: q
934.9719 	DATA 	Trial 516 - Stimuli img/target_9.png
935.8733 	DATA 	Keypress: o
935.9549 	DATA 	Trial 517 - Stimuli img/target_5.png
936.8173 	DATA 	Keypress: w
937.4418 	DATA 	Keypress: b
937.8900 	DATA 	Keypress: v
937.9557 	DATA 	Trial 518 - Stimuli img/target_4.png
938.6499 	DATA 	Keypress: r
938.7394 	DATA 	Trial 519 - Stimuli img/target_5.png
939.4571 	DATA 	Keypress: v
939.5391 	DATA 	Trial 520 - Stimuli img/target_6.png
940.2579 	DATA 	Keypress: b
940.3558 	DATA 	Trial 521 - Stimuli img/target_4.png
941.1213 	DATA 	Keypress: r
941.2056 	DATA 	Trial 522 - Stimuli img/target_7.png
941.9851 	DATA 	Keypress: u
942.0725 	DATA 	Trial 523 - Stimuli img/target_10.png
942.7611 	DATA 	Keypress: p
942.8562 	DATA 	Trial 524 - Stimuli img/target_7.png
943.8417 	DATA 	Keypress: u
943.9390 	DATA 	Trial 525 - Stimuli img/target_3.png
944.3369 	DATA 	Keypress: q
945.1216 	DATA 	Keypress: r
945.6254 	DATA 	Keypress: e
945.6895 	DATA 	Trial 526 - Stimuli img/target_10.png
946.5050 	DATA 	Keypress: p
946.5900 	DATA 	Trial 527 - Stimuli img/target_2.png
947.3135 	DATA 	Keypress: w
947.4056 	DATA 	Trial 528 - Stimuli img/target_8.png
949.2569 	DATA 	Keypress: i
949.3402 	DATA 	Trial 529 - Stimuli img/target_3.png
950.7288 	DATA 	Keypress: e
950.8240 	DATA 	Trial 530 - Stimuli img/target_7.png
951.6087 	DATA 	Keypress: u
951.6899 	DATA 	Trial 531 - Stimuli img/target_10.png
952.3453 	DATA 	Keypress: p
952.4395 	DATA 	Trial 532 - Stimuli img/target_8.png
954.1688 	DATA 	Keypress: i
954.2564 	DATA 	Trial 533 - Stimuli img/target_3.png
955.2646 	DATA 	Keypress: e
955.3576 	DATA 	Trial 534 - Stimuli img/target_10.png
956.0246 	DATA 	Keypress: p
956.1070 	DATA 	Trial 535 - Stimuli img/target_2.png
957.2008 	DATA 	Keypress: w
957.2918 	DATA 	Trial 536 - Stimuli img/target_10.png
958.3531 	DATA 	Keypress: p
958.4405 	DATA 	Trial 537 - Stimuli img/target_7.png
959.2091 	DATA 	Keypress: u
959.3075 	DATA 	Trial 538 - Stimuli img/target_4.png
960.1210 	DATA 	Keypress: r
960.2082 	DATA 	Trial 539 - Stimuli img/target_7.png
960.9131 	DATA 	Keypress: u
961.0083 	DATA 	Trial 540 - Stimuli img/target_6.png
962.6085 	DATA 	Keypress: b
962.6920 	DATA 	Trial 541 - Stimuli img/target_1.png
963.3851 	DATA 	Keypress: q
963.4748 	DATA 	Trial 542 - Stimuli img/target_6.png
964.4164 	DATA 	Keypress: b
964.5079 	DATA 	Trial 543 - Stimuli img/target_7.png
965.1849 	DATA 	Keypress: u
965.2750 	DATA 	Trial 544 - Stimuli img/target_4.png
966.6002 	DATA 	Keypress: r
966.6916 	DATA 	Trial 545 - Stimuli img/target_7.png
967.3605 	DATA 	Keypress: u
967.4584 	DATA 	Trial 546 - Stimuli img/target_3.png
968.4569 	DATA 	Keypress: e
968.5419 	DATA 	Trial 547 - Stimuli img/target_7.png
969.6246 	DATA 	Keypress: u
969.7088 	DATA 	Trial 548 - Stimuli img/target_4.png
971.0722 	DATA 	Keypress: r
971.1588 	DATA 	Trial 549 - Stimuli img/target_3.png
971.9127 	DATA 	Keypress: e
972.0081 	DATA 	Trial 550 - Stimuli img/target_8.png
973.3601 	DATA 	Keypress: i
973.4427 	DATA 	Trial 551 - Stimuli img/target_3.png
974.5920 	DATA 	Keypress: e
974.6758 	DATA 	Trial 552 - Stimuli img/target_7.png
975.3687 	DATA 	Keypress: u
975.4590 	DATA 	Trial 553 - Stimuli img/target_3.png
976.2245 	DATA 	Keypress: e
976.3094 	DATA 	Trial 554 - Stimuli img/target_7.png
977.1442 	DATA 	Keypress: u
977.2260 	DATA 	Trial 555 - Stimuli img/target_4.png
978.0079 	DATA 	Keypress: r
978.0929 	DATA 	Trial 556 - Stimuli img/target_3.png
978.9838 	DATA 	Keypress: e
979.0760 	DATA 	Trial 557 - Stimuli img/target_7.png
979.8798 	DATA 	Keypress: u
979.9590 	DATA 	Trial 558 - Stimuli img/target_4.png
980.7604 	DATA 	Keypress: r
980.8424 	DATA 	Trial 559 - Stimuli img/target_6.png
981.6877 	DATA 	Keypress: b
981.7763 	DATA 	Trial 560 - Stimuli img/target_7.png
982.8076 	DATA 	Keypress: u
982.8931 	DATA 	Trial 561 - Stimuli img/target_6.png
983.9359 	DATA 	Keypress: b
984.0268 	DATA 	Trial 562 - Stimuli img/target_7.png
984.8646 	DATA 	Keypress: u
984.9608 	DATA 	Trial 563 - Stimuli img/target_10.png
985.9921 	DATA 	Keypress: p
986.0772 	DATA 	Trial 564 - Stimuli img/target_7.png
986.7919 	DATA 	Keypress: u
986.8769 	DATA 	Trial 565 - Stimuli img/target_3.png
987.9202 	DATA 	Keypress: e
988.0109 	DATA 	Trial 566 - Stimuli img/target_10.png
989.0955 	DATA 	Keypress: p
989.1769 	DATA 	Trial 567 - Stimuli img/target_8.png
990.3681 	DATA 	Keypress: i
990.4605 	DATA 	Trial 568 - Stimuli img/target_10.png
991.5273 	DATA 	Keypress: p
991.6098 	DATA 	Trial 569 - Stimuli img/target_8.png
992.9919 	DATA 	Keypress: i
993.0774 	DATA 	Trial 570 - Stimuli img/target_3.png
994.0555 	DATA 	Keypress: e
994.1436 	DATA 	Trial 571 - Stimuli img/target_8.png
995.5594 	DATA 	Keypress: i
995.6449 	DATA 	Trial 572 - Stimuli img/target_2.png
996.7199 	DATA 	Keypress: w
996.8110 	DATA 	Trial 573 - Stimuli img/target_1.png
997.5519 	DATA 	Keypress: q
997.6451 	DATA 	Trial 574 - Stimuli img/target_5.png
998.4074 	DATA 	Keypress: u
999.1831 	DATA 	Keypress: v
999.2620 	DATA 	Trial 575 - Stimuli img/target_6.png
1000.2391 	DATA 	Keypress: b
1000.3273 	DATA 	Trial 576 - Stimuli img/target_4.png
1001.2471 	DATA 	Keypress: r
1001.3285 	DATA 	Trial 577 - Stimuli img/target_3.png
1002.1670 	DATA 	Keypress: e
1002.2620 	DATA 	Trial 578 - Stimuli img/target_4.png
1003.1596 	DATA 	Keypress: r
1003.2455 	DATA 	Trial 579 - Stimuli img/target_7.png
1003.9037 	DATA 	Keypress: u
1003.9948 	DATA 	Trial 580 - Stimuli img/target_4.png
1004.9355 	DATA 	Keypress: r
1005.0287 	DATA 	Trial 581 - Stimuli img/target_7.png
1006.1509 	DATA 	Keypress: u
1006.2460 	DATA 	Trial 582 - Stimuli img/target_3.png
1007.1756 	DATA 	Keypress: e
1007.2619 	DATA 	Trial 583 - Stimuli img/target_8.png
1008.5672 	DATA 	Keypress: i
1008.6619 	DATA 	Trial 584 - Stimuli img/target_2.png
1009.7027 	DATA 	Keypress: w
1009.7955 	DATA 	Trial 585 - Stimuli img/target_8.png
1010.8149 	DATA 	Keypress: i
1010.8958 	DATA 	Trial 586 - Stimuli img/target_3.png
1011.9751 	DATA 	Keypress: e
1012.0625 	DATA 	Trial 587 - Stimuli img/target_10.png
1013.0390 	DATA 	Keypress: p
1013.1293 	DATA 	Trial 588 - Stimuli img/target_3.png
1013.8474 	DATA 	Keypress: e
1013.9289 	DATA 	Trial 589 - Stimuli img/target_10.png
1014.8474 	DATA 	Keypress: p
1014.9290 	DATA 	Trial 590 - Stimuli img/target_8.png
1015.6074 	DATA 	Keypress: i
1015.6958 	DATA 	Trial 591 - Stimuli img/target_2.png
1016.3505 	DATA 	Keypress: w
1016.4465 	DATA 	Trial 592 - Stimuli img/target_9.png
1017.4231 	DATA 	Keypress: o
1017.5129 	DATA 	Trial 593 - Stimuli img/target_2.png
1018.4465 	DATA 	Keypress: w
1018.5303 	DATA 	Trial 594 - Stimuli img/target_8.png
1020.1104 	DATA 	Keypress: i
1020.1969 	DATA 	Trial 595 - Stimuli img/target_10.png
1020.7904 	DATA 	Keypress: p
1020.8800 	DATA 	Trial 596 - Stimuli img/target_8.png
1021.5663 	DATA 	Keypress: i
1021.6462 	DATA 	Trial 597 - Stimuli img/target_9.png
1022.3345 	DATA 	Keypress: o
1022.4312 	DATA 	Trial 598 - Stimuli img/target_5.png
1023.5426 	DATA 	Keypress: v
1023.6299 	DATA 	Trial 599 - Stimuli img/target_9.png
1024.6144 	DATA 	Keypress: o
1024.6967 	DATA 	Trial 600 - Stimuli img/target_8.png
1025.7584 	DATA 	Keypress: i
1025.8487 	DATA 	Trial 601 - Stimuli img/target_9.png
1026.5902 	DATA 	Keypress: o
1026.6813 	DATA 	Trial 602 - Stimuli img/target_8.png
1027.0629 	DATA 	Keypress: i
1027.1478 	DATA 	Trial 603 - Stimuli img/target_9.png
1027.6382 	DATA 	Keypress: o
1027.7307 	DATA 	Trial 604 - Stimuli img/target_1.png
1028.8222 	DATA 	Keypress: q
1028.9146 	DATA 	Trial 605 - Stimuli img/target_2.png
1029.6781 	DATA 	Keypress: w
1029.7640 	DATA 	Trial 606 - Stimuli img/target_10.png
1030.6621 	DATA 	Keypress: p
1030.7480 	DATA 	Trial 607 - Stimuli img/target_3.png
1031.5187 	DATA 	Keypress: e
1031.6147 	DATA 	Trial 608 - Stimuli img/target_10.png
1032.1987 	DATA 	Keypress: p
1032.2981 	DATA 	Trial 609 - Stimuli img/target_8.png
1033.2539 	DATA 	Keypress: i
1033.3471 	DATA 	Trial 610 - Stimuli img/target_2.png
1034.3743 	DATA 	Keypress: w
1034.4653 	DATA 	Trial 611 - Stimuli img/target_8.png
1035.2864 	DATA 	Keypress: i
1035.3822 	DATA 	Trial 612 - Stimuli img/target_9.png
1036.1738 	DATA 	Keypress: o
1036.2649 	DATA 	Trial 613 - Stimuli img/target_1.png
1037.1981 	DATA 	Keypress: q
1037.2815 	DATA 	Trial 614 - Stimuli img/target_2.png
1038.0939 	DATA 	Keypress: w
1038.1823 	DATA 	Trial 615 - Stimuli img/target_1.png
1038.9419 	DATA 	Keypress: q
1039.0322 	DATA 	Trial 616 - Stimuli img/target_2.png
1039.8457 	DATA 	Keypress: w
1039.9313 	DATA 	Trial 617 - Stimuli img/target_8.png
1040.8623 	DATA 	Keypress: i
1040.9491 	DATA 	Trial 618 - Stimuli img/target_2.png
1042.0780 	DATA 	Keypress: w
1042.1652 	DATA 	Trial 619 - Stimuli img/target_10.png
1043.3502 	DATA 	Keypress: p
1043.4489 	DATA 	Trial 620 - Stimuli img/target_3.png
1044.3098 	DATA 	Keypress: e
1044.3994 	DATA 	Trial 621 - Stimuli img/target_10.png
1045.5096 	DATA 	Keypress: p
1045.5990 	DATA 	Trial 622 - Stimuli img/target_8.png
1046.0776 	DATA 	Keypress: i
1046.1663 	DATA 	Trial 623 - Stimuli img/target_2.png
1048.0535 	DATA 	Keypress: w
1048.1494 	DATA 	Trial 624 - Stimuli img/target_1.png
1049.7814 	DATA 	Keypress: q
1049.8672 	DATA 	Trial 625 - Stimuli img/target_5.png
1051.4933 	DATA 	Keypress: v
1051.5835 	DATA 	Trial 626 - Stimuli img/target_6.png
1052.4375 	DATA 	Keypress: b
1052.5328 	DATA 	Trial 627 - Stimuli img/target_7.png
1053.3978 	DATA 	Keypress: u
1053.4833 	DATA 	Trial 628 - Stimuli img/target_10.png
1054.3019 	DATA 	Keypress: p
1054.4004 	DATA 	Trial 629 - Stimuli img/target_7.png
1054.9974 	DATA 	Keypress: u
1055.0838 	DATA 	Trial 630 - Stimuli img/target_6.png
1056.0052 	DATA 	Keypress: b
1056.0997 	DATA 	Trial 631 - Stimuli img/target_5.png
1056.9500 	DATA 	Keypress: v
1057.0332 	DATA 	Trial 632 - Stimuli img/target_9.png
1058.0291 	DATA 	Keypress: o
1058.1173 	DATA 	Trial 633 - Stimuli img/target_2.png
1058.9098 	DATA 	Keypress: w
1059.0007 	DATA 	Trial 634 - Stimuli img/target_9.png
1059.8210 	DATA 	Keypress: o
1059.9174 	DATA 	Trial 635 - Stimuli img/target_8.png
1060.6931 	DATA 	Keypress: i
1060.7845 	DATA 	Trial 636 - Stimuli img/target_2.png
1061.5090 	DATA 	Keypress: w
1061.6002 	DATA 	Trial 637 - Stimuli img/target_1.png
1062.2697 	DATA 	Keypress: q
1062.3676 	DATA 	Trial 638 - Stimuli img/target_6.png
1063.4133 	DATA 	Keypress: b
1063.5008 	DATA 	Trial 639 - Stimuli img/target_5.png
1064.2130 	DATA 	Keypress: v
1064.3016 	DATA 	Trial 640 - Stimuli img/target_4.png
1065.1177 	DATA 	Keypress: r
1065.2018 	DATA 	Trial 641 - Stimuli img/target_7.png
1066.1173 	DATA 	Keypress: u
1066.2022 	DATA 	Trial 642 - Stimuli img/target_10.png
1066.7330 	DATA 	Keypress: p
1066.8184 	DATA 	Trial 643 - Stimuli img/target_3.png
1067.6047 	DATA 	Keypress: w
1068.2928 	DATA 	Keypress: e
1068.3677 	DATA 	Trial 644 - Stimuli img/target_4.png
1069.3008 	DATA 	Keypress: r
1069.3842 	DATA 	Trial 645 - Stimuli img/target_3.png
1070.1174 	DATA 	Keypress: e
1070.2017 	DATA 	Trial 646 - Stimuli img/target_4.png
1070.7492 	DATA 	Keypress: r
1070.8352 	DATA 	Trial 647 - Stimuli img/target_3.png
1071.3007 	DATA 	Keypress: e
1071.3852 	DATA 	Trial 648 - Stimuli img/target_4.png
1072.0453 	DATA 	Keypress: r
1072.1356 	DATA 	Trial 649 - Stimuli img/target_3.png
1072.7413 	DATA 	Keypress: e
1072.8355 	DATA 	Trial 650 - Stimuli img/target_7.png
1073.5086 	DATA 	Keypress: u
1073.6013 	DATA 	Trial 651 - Stimuli img/target_10.png
1074.2286 	DATA 	Keypress: p
1074.3187 	DATA 	Trial 652 - Stimuli img/target_3.png
1075.3005 	DATA 	Keypress: e
1075.3848 	DATA 	Trial 653 - Stimuli img/target_8.png
1076.4206 	DATA 	Keypress: i
1076.5023 	DATA 	Trial 654 - Stimuli img/target_3.png
1077.3165 	DATA 	Keypress: e
1077.4015 	DATA 	Trial 655 - Stimuli img/target_10.png
1078.3808 	DATA 	Keypress: p
1078.4697 	DATA 	Trial 656 - Stimuli img/target_2.png
1079.8850 	DATA 	Keypress: w
1079.9692 	DATA 	Trial 657 - Stimuli img/target_8.png
1080.7808 	DATA 	Keypress: i
1080.8693 	DATA 	Trial 658 - Stimuli img/target_2.png
1081.8524 	DATA 	Keypress: w
1081.9365 	DATA 	Trial 659 - Stimuli img/target_10.png
1083.2523 	DATA 	Keypress: p
1083.3357 	DATA 	Trial 660 - Stimuli img/target_3.png
1084.2762 	DATA 	Keypress: e
1084.3697 	DATA 	Trial 661 - Stimuli img/target_4.png
1085.6449 	DATA 	Keypress: r
1085.7361 	DATA 	Trial 662 - Stimuli img/target_3.png
1086.4604 	DATA 	Keypress: e
1086.5535 	DATA 	Trial 663 - Stimuli img/target_7.png
1088.5246 	DATA 	Keypress: u
1088.6198 	DATA 	Trial 664 - Stimuli img/target_6.png
1090.3641 	DATA 	Keypress: n
1092.0443 	DATA 	Keypress: b
1092.1200 	DATA 	Trial 665 - Stimuli img/target_7.png
1092.8606 	DATA 	Keypress: u
1092.9537 	DATA 	Trial 666 - Stimuli img/target_10.png
1094.0840 	DATA 	Keypress: p
1094.1709 	DATA 	Trial 667 - Stimuli img/target_2.png
1094.9645 	DATA 	Keypress: w
1095.0536 	DATA 	Trial 668 - Stimuli img/target_9.png
1096.0840 	DATA 	Keypress: o
1096.1703 	DATA 	Trial 669 - Stimuli img/target_5.png
1097.6198 	DATA 	Keypress: v
1097.7041 	DATA 	Trial 670 - Stimuli img/target_9.png
1098.6285 	DATA 	Keypress: o
1098.7215 	DATA 	Trial 671 - Stimuli img/target_1.png
1099.6357 	DATA 	Keypress: q
1099.7213 	DATA 	Trial 672 - Stimuli img/target_9.png
1100.8446 	DATA 	Keypress: o
1100.9384 	DATA 	Trial 673 - Stimuli img/target_2.png
1101.8758 	DATA 	Keypress: w
1101.9716 	DATA 	Trial 674 - Stimuli img/target_10.png
1103.2603 	DATA 	Keypress: p
1103.3542 	DATA 	Trial 675 - Stimuli img/target_2.png
1104.1721 	DATA 	Keypress: w
1104.2714 	DATA 	Trial 676 - Stimuli img/target_1.png
1104.9475 	DATA 	Keypress: q
1105.0381 	DATA 	Trial 677 - Stimuli img/target_6.png
1105.7075 	DATA 	Keypress: b
1105.7878 	DATA 	Trial 678 - Stimuli img/target_1.png
1106.6761 	DATA 	Keypress: q
1106.7712 	DATA 	Trial 679 - Stimuli img/target_5.png
1107.6114 	DATA 	Keypress: v
1107.7054 	DATA 	Trial 680 - Stimuli img/target_1.png
1108.4202 	DATA 	Keypress: q
1108.5056 	DATA 	Trial 681 - Stimuli img/target_5.png
1109.1874 	DATA 	Keypress: v
1109.2721 	DATA 	Trial 682 - Stimuli img/target_6.png
1109.8193 	DATA 	Keypress: b
1109.9054 	DATA 	Trial 683 - Stimuli img/target_5.png
1110.3394 	DATA 	Keypress: v
1110.4215 	DATA 	Trial 684 - Stimuli img/target_6.png
1110.9240 	DATA 	Keypress: b
1111.0216 	DATA 	Trial 685 - Stimuli img/target_7.png
1111.7961 	DATA 	Keypress: u
1111.8882 	DATA 	Trial 686 - Stimuli img/target_6.png
1113.0040 	DATA 	Keypress: b
1113.0886 	DATA 	Trial 687 - Stimuli img/target_5.png
1113.7073 	DATA 	Keypress: v
1113.7886 	DATA 	Trial 688 - Stimuli img/target_6.png
1114.5552 	DATA 	Keypress: b
1114.6386 	DATA 	Trial 689 - Stimuli img/target_4.png
1115.4673 	DATA 	Keypress: r
1115.5563 	DATA 	Trial 690 - Stimuli img/target_7.png
1116.3638 	DATA 	Keypress: b
1117.0913 	DATA 	Keypress: u
1117.1562 	DATA 	Trial 691 - Stimuli img/target_3.png
1119.1317 	DATA 	Keypress: r
1119.9230 	DATA 	Keypress: e
1119.9898 	DATA 	Trial 692 - Stimuli img/target_7.png
1120.5551 	DATA 	Keypress: u
1120.6400 	DATA 	Trial 693 - Stimuli img/target_3.png
1121.3950 	DATA 	Keypress: e
1121.4886 	DATA 	Trial 694 - Stimuli img/target_7.png
1122.1869 	DATA 	Keypress: u
1122.2736 	DATA 	Trial 695 - Stimuli img/target_4.png
1123.0829 	DATA 	Keypress: r
1123.1727 	DATA 	Trial 696 - Stimuli img/target_3.png
1124.0192 	DATA 	Keypress: e
1124.1067 	DATA 	Trial 697 - Stimuli img/target_10.png
1125.0436 	DATA 	Keypress: p
1125.1397 	DATA 	Trial 698 - Stimuli img/target_2.png
1126.0028 	DATA 	Keypress: w
1126.0897 	DATA 	Trial 699 - Stimuli img/target_8.png
1126.8913 	DATA 	Keypress: u
1127.3795 	DATA 	Keypress: i
1127.4567 	DATA 	Trial 700 - Stimuli img/target_3.png
1128.8988 	DATA 	Keypress: e
1128.9908 	DATA 	Trial 701 - Stimuli img/target_7.png
1129.6191 	DATA 	Keypress: u
1129.7076 	DATA 	Trial 702 - Stimuli img/target_3.png
1130.5472 	DATA 	Keypress: e
1130.6402 	DATA 	Trial 703 - Stimuli img/target_7.png
1131.8513 	DATA 	Keypress: u
1131.9412 	DATA 	Trial 704 - Stimuli img/target_4.png
1132.7152 	DATA 	Keypress: r
1132.8073 	DATA 	Trial 705 - Stimuli img/target_5.png
1133.4112 	DATA 	Keypress: b
1133.9785 	DATA 	Keypress: v
1134.0576 	DATA 	Trial 706 - Stimuli img/target_9.png
1134.8833 	DATA 	Keypress: o
1134.9742 	DATA 	Trial 707 - Stimuli img/target_2.png
1135.6425 	DATA 	Keypress: w
1135.7257 	DATA 	Trial 708 - Stimuli img/target_10.png
1136.4184 	DATA 	Keypress: p
1136.5078 	DATA 	Trial 709 - Stimuli img/target_7.png
1137.1874 	DATA 	Keypress: u
1137.2751 	DATA 	Trial 710 - Stimuli img/target_3.png
1138.1144 	DATA 	Keypress: e
1138.2077 	DATA 	Trial 711 - Stimuli img/target_10.png
1139.1143 	DATA 	Keypress: p
1139.2080 	DATA 	Trial 712 - Stimuli img/target_8.png
1140.0109 	DATA 	Keypress: u
1140.4423 	DATA 	Keypress: i
1140.5085 	DATA 	Trial 713 - Stimuli img/target_10.png
1141.3063 	DATA 	Keypress: p
1141.3910 	DATA 	Trial 714 - Stimuli img/target_3.png
1142.1390 	DATA 	Keypress: e
1142.2251 	DATA 	Trial 715 - Stimuli img/target_4.png
1143.1070 	DATA 	Keypress: r
1143.1921 	DATA 	Trial 716 - Stimuli img/target_5.png
1144.6022 	DATA 	Keypress: v
1144.6924 	DATA 	Trial 717 - Stimuli img/target_4.png
1145.3469 	DATA 	Keypress: r
1145.4426 	DATA 	Trial 718 - Stimuli img/target_3.png
1146.2749 	DATA 	Keypress: e
1146.3595 	DATA 	Trial 719 - Stimuli img/target_4.png
1147.0980 	DATA 	Keypress: r
1147.1927 	DATA 	Trial 720 - Stimuli img/target_7.png
1147.8820 	DATA 	Keypress: u
1147.9751 	DATA 	Trial 721 - Stimuli img/target_10.png
1149.0501 	DATA 	Keypress: p
1149.1429 	DATA 	Trial 722 - Stimuli img/target_3.png
1149.9380 	DATA 	Keypress: e
1150.0262 	DATA 	Trial 723 - Stimuli img/target_4.png
1150.8339 	DATA 	Keypress: r
1150.9259 	DATA 	Trial 724 - Stimuli img/target_5.png
1151.9300 	DATA 	Keypress: v
1152.0257 	DATA 	Trial 725 - Stimuli img/target_1.png
1152.7220 	DATA 	Keypress: q
1152.8090 	DATA 	Trial 726 - Stimuli img/target_2.png
1153.6261 	DATA 	Keypress: w
1153.7098 	DATA 	Trial 727 - Stimuli img/target_8.png
1154.5461 	DATA 	Keypress: i
1154.6434 	DATA 	Trial 728 - Stimuli img/target_10.png
1155.3381 	DATA 	Keypress: p
1155.4277 	DATA 	Trial 729 - Stimuli img/target_2.png
1156.6017 	DATA 	Keypress: w
1156.6928 	DATA 	Trial 730 - Stimuli img/target_9.png
1157.6897 	DATA 	Keypress: o
1157.7771 	DATA 	Trial 731 - Stimuli img/target_8.png
1159.2986 	DATA 	Keypress: i
1159.3929 	DATA 	Trial 732 - Stimuli img/target_3.png
1160.2338 	DATA 	Keypress: e
1160.3271 	DATA 	Trial 733 - Stimuli img/target_7.png
1161.0976 	DATA 	Keypress: u
1161.1942 	DATA 	Trial 734 - Stimuli img/target_4.png
1162.0256 	DATA 	Keypress: r
1162.1107 	DATA 	Trial 735 - Stimuli img/target_5.png
1163.4583 	DATA 	Keypress: v
1163.5440 	DATA 	Trial 736 - Stimuli img/target_4.png
1164.2334 	DATA 	Keypress: r
1164.3267 	DATA 	Trial 737 - Stimuli img/target_6.png
1165.5462 	DATA 	Keypress: b
1165.6440 	DATA 	Trial 738 - Stimuli img/target_7.png
1166.3376 	DATA 	Keypress: i
1166.8341 	DATA 	Keypress: u
1166.9109 	DATA 	Trial 739 - Stimuli img/target_10.png
1167.5854 	DATA 	Keypress: p
1167.6779 	DATA 	Trial 740 - Stimuli img/target_7.png
1168.3292 	DATA 	Keypress: u
1168.4111 	DATA 	Trial 741 - Stimuli img/target_4.png
1169.1541 	DATA 	Keypress: r
1169.2439 	DATA 	Trial 742 - Stimuli img/target_5.png
1170.2093 	DATA 	Keypress: v
1170.2945 	DATA 	Trial 743 - Stimuli img/target_4.png
1171.1053 	DATA 	Keypress: r
1171.1950 	DATA 	Trial 744 - Stimuli img/target_6.png
1172.2495 	DATA 	Keypress: b
1172.3447 	DATA 	Trial 745 - Stimuli img/target_1.png
1173.0818 	DATA 	Keypress: q
1173.1779 	DATA 	Trial 746 - Stimuli img/target_2.png
1174.4499 	DATA 	Keypress: w
1174.5444 	DATA 	Trial 747 - Stimuli img/target_10.png
1175.6252 	DATA 	Keypress: p
1175.7120 	DATA 	Trial 748 - Stimuli img/target_8.png
1176.4250 	DATA 	Keypress: i
1176.5117 	DATA 	Trial 749 - Stimuli img/target_9.png
1177.1857 	DATA 	Keypress: o
1177.2787 	DATA 	Trial 750 - Stimuli img/target_2.png
1178.2094 	DATA 	Keypress: w
1213.6956 	DATA 	Keypress: return
1231.4551 	DATA 	Keypress: rshift
1231.4611 	DATA 	Trial 751 - Stimuli img/target_1.png
1234.6954 	DATA 	Keypress: q
1234.7846 	DATA 	Trial 752 - Stimuli img/target_5.png
1236.9032 	DATA 	Keypress: v
1236.9840 	DATA 	Trial 753 - Stimuli img/target_6.png
1237.7275 	DATA 	Keypress: b
1237.8173 	DATA 	Trial 754 - Stimuli img/target_5.png
1238.1912 	DATA 	Keypress: v
1238.2846 	DATA 	Trial 755 - Stimuli img/target_9.png
1240.9270 	DATA 	Keypress: p
1244.0229 	DATA 	Keypress: o
1244.1015 	DATA 	Trial 756 - Stimuli img/target_8.png
1245.5670 	DATA 	Keypress: i
1245.6511 	DATA 	Trial 757 - Stimuli img/target_9.png
1246.2873 	DATA 	Keypress: o
1246.3849 	DATA 	Trial 758 - Stimuli img/target_8.png
1246.8790 	DATA 	Keypress: i
1246.9690 	DATA 	Trial 759 - Stimuli img/target_3.png
1247.5914 	DATA 	Keypress: e
1247.6844 	DATA 	Trial 760 - Stimuli img/target_7.png
1248.9506 	DATA 	Keypress: u
1249.0351 	DATA 	Trial 761 - Stimuli img/target_4.png
1249.7988 	DATA 	Keypress: r
1249.8857 	DATA 	Trial 762 - Stimuli img/target_7.png
1250.5189 	DATA 	Keypress: i
1251.0225 	DATA 	Keypress: u
1251.0860 	DATA 	Trial 763 - Stimuli img/target_3.png
1252.0546 	DATA 	Keypress: e
1252.1349 	DATA 	Trial 764 - Stimuli img/target_7.png
1252.6788 	DATA 	Keypress: u
1252.7683 	DATA 	Trial 765 - Stimuli img/target_10.png
1253.5987 	DATA 	Keypress: p
1253.6866 	DATA 	Trial 766 - Stimuli img/target_8.png
1254.4705 	DATA 	Keypress: i
1254.5522 	DATA 	Trial 767 - Stimuli img/target_2.png
1255.3751 	DATA 	Keypress: w
1255.4690 	DATA 	Trial 768 - Stimuli img/target_8.png
1256.5346 	DATA 	Keypress: i
1256.6195 	DATA 	Trial 769 - Stimuli img/target_9.png
1257.4303 	DATA 	Keypress: o
1257.5196 	DATA 	Trial 770 - Stimuli img/target_1.png
1258.3025 	DATA 	Keypress: q
1258.3861 	DATA 	Trial 771 - Stimuli img/target_2.png
1259.1985 	DATA 	Keypress: w
1259.2866 	DATA 	Trial 772 - Stimuli img/target_1.png
1260.0147 	DATA 	Keypress: q
1260.1034 	DATA 	Trial 773 - Stimuli img/target_5.png
1261.4230 	DATA 	Keypress: v
1261.5196 	DATA 	Trial 774 - Stimuli img/target_4.png
1263.5501 	DATA 	Keypress: r
1263.6372 	DATA 	Trial 775 - Stimuli img/target_5.png
1264.7423 	DATA 	Keypress: v
1264.8382 	DATA 	Trial 776 - Stimuli img/target_1.png
1265.4862 	DATA 	Keypress: q
1265.5709 	DATA 	Trial 777 - Stimuli img/target_9.png
1266.6948 	DATA 	Keypress: o
1266.7872 	DATA 	Trial 778 - Stimuli img/target_1.png
1267.7579 	DATA 	Keypress: q
1267.8536 	DATA 	Trial 779 - Stimuli img/target_2.png
1268.7825 	DATA 	Keypress: w
1268.8701 	DATA 	Trial 780 - Stimuli img/target_9.png
1269.8540 	DATA 	Keypress: o
1269.9383 	DATA 	Trial 781 - Stimuli img/target_8.png
1270.9745 	DATA 	Keypress: i
1271.0717 	DATA 	Trial 782 - Stimuli img/target_3.png
1272.7018 	DATA 	Keypress: e
1272.7873 	DATA 	Trial 783 - Stimuli img/target_4.png
1273.9744 	DATA 	Keypress: r
1274.0719 	DATA 	Trial 784 - Stimuli img/target_5.png
1275.0936 	DATA 	Keypress: v
1275.1883 	DATA 	Trial 785 - Stimuli img/target_1.png
1275.9344 	DATA 	Keypress: q
1276.0206 	DATA 	Trial 786 - Stimuli img/target_9.png
1277.1896 	DATA 	Keypress: o
1277.2707 	DATA 	Trial 787 - Stimuli img/target_8.png
1278.1897 	DATA 	Keypress: i
1278.2708 	DATA 	Trial 788 - Stimuli img/target_2.png
1281.5336 	DATA 	Keypress: w
1281.6211 	DATA 	Trial 789 - Stimuli img/target_9.png
1282.5256 	DATA 	Keypress: o
1282.6213 	DATA 	Trial 790 - Stimuli img/target_1.png
1283.5415 	DATA 	Keypress: q
1283.6224 	DATA 	Trial 791 - Stimuli img/target_9.png
1284.4297 	DATA 	Keypress: o
1284.5224 	DATA 	Trial 792 - Stimuli img/target_1.png
1285.3253 	DATA 	Keypress: q
1285.4057 	DATA 	Trial 793 - Stimuli img/target_6.png
1286.3733 	DATA 	Keypress: b
1286.4561 	DATA 	Trial 794 - Stimuli img/target_5.png
1287.1261 	DATA 	Keypress: v
1287.2222 	DATA 	Trial 795 - Stimuli img/target_1.png
1288.0620 	DATA 	Keypress: q
1288.1557 	DATA 	Trial 796 - Stimuli img/target_6.png
1289.1498 	DATA 	Keypress: b
1289.2401 	DATA 	Trial 797 - Stimuli img/target_5.png
1289.9580 	DATA 	Keypress: v
1290.0559 	DATA 	Trial 798 - Stimuli img/target_9.png
1290.9492 	DATA 	Keypress: o
1291.0396 	DATA 	Trial 799 - Stimuli img/target_2.png
1291.7011 	DATA 	Keypress: w
1291.7895 	DATA 	Trial 800 - Stimuli img/target_10.png
1293.0372 	DATA 	Keypress: p
1293.1232 	DATA 	Trial 801 - Stimuli img/target_8.png
1294.0377 	DATA 	Keypress: u
1294.7009 	DATA 	Keypress: i
1294.7730 	DATA 	Trial 802 - Stimuli img/target_10.png
1295.5411 	DATA 	Keypress: p
1295.6226 	DATA 	Trial 803 - Stimuli img/target_2.png
1296.5011 	DATA 	Keypress: w
1296.5897 	DATA 	Trial 804 - Stimuli img/target_1.png
1298.2538 	DATA 	Keypress: q
1298.3397 	DATA 	Trial 805 - Stimuli img/target_2.png
1299.1811 	DATA 	Keypress: w
1299.2747 	DATA 	Trial 806 - Stimuli img/target_8.png
1301.1488 	DATA 	Keypress: i
1301.2402 	DATA 	Trial 807 - Stimuli img/target_9.png
1302.1569 	DATA 	Keypress: o
1302.2406 	DATA 	Trial 808 - Stimuli img/target_2.png
1303.3808 	DATA 	Keypress: w
1303.4737 	DATA 	Trial 809 - Stimuli img/target_9.png
1305.2448 	DATA 	Keypress: o
1305.3406 	DATA 	Trial 810 - Stimuli img/target_2.png
1306.5492 	DATA 	Keypress: w
1306.6408 	DATA 	Trial 811 - Stimuli img/target_1.png
1307.7806 	DATA 	Keypress: q
1307.8742 	DATA 	Trial 812 - Stimuli img/target_9.png
1309.6212 	DATA 	Keypress: o
1309.7077 	DATA 	Trial 813 - Stimuli img/target_5.png
1312.1891 	DATA 	Keypress: v
1312.2750 	DATA 	Trial 814 - Stimuli img/target_9.png
1313.7410 	DATA 	Keypress: o
1313.8253 	DATA 	Trial 815 - Stimuli img/target_2.png
1315.4450 	DATA 	Keypress: w
1315.5417 	DATA 	Trial 816 - Stimuli img/target_10.png
1319.1643 	DATA 	Keypress: p
1319.2587 	DATA 	Trial 817 - Stimuli img/target_2.png
1320.5803 	DATA 	Keypress: w
1320.6764 	DATA 	Trial 818 - Stimuli img/target_1.png
1321.5802 	DATA 	Keypress: q
1321.6750 	DATA 	Trial 819 - Stimuli img/target_9.png
1322.5402 	DATA 	Keypress: o
1322.6253 	DATA 	Trial 820 - Stimuli img/target_8.png
1323.2928 	DATA 	Keypress: i
1323.3760 	DATA 	Trial 821 - Stimuli img/target_10.png
1324.3401 	DATA 	Keypress: p
1324.4263 	DATA 	Trial 822 - Stimuli img/target_8.png
1325.2360 	DATA 	Keypress: i
1325.3255 	DATA 	Trial 823 - Stimuli img/target_9.png
1326.2122 	DATA 	Keypress: o
1326.3090 	DATA 	Trial 824 - Stimuli img/target_1.png
1327.0847 	DATA 	Keypress: w
1327.7725 	DATA 	Keypress: q
1327.8435 	DATA 	Trial 825 - Stimuli img/target_6.png
1328.4520 	DATA 	Keypress: i
1329.1487 	DATA 	Keypress: b
1329.2260 	DATA 	Trial 826 - Stimuli img/target_4.png
1329.7798 	DATA 	Keypress: v
1330.6040 	DATA 	Keypress: r
1330.6760 	DATA 	Trial 827 - Stimuli img/target_7.png
1331.4199 	DATA 	Keypress: i
1332.1320 	DATA 	Keypress: u
1332.2099 	DATA 	Trial 828 - Stimuli img/target_6.png
1333.1157 	DATA 	Keypress: b
1333.2104 	DATA 	Trial 829 - Stimuli img/target_1.png
1333.8600 	DATA 	Keypress: q
1333.9439 	DATA 	Trial 830 - Stimuli img/target_5.png
1334.7324 	DATA 	Keypress: v
1334.8272 	DATA 	Trial 831 - Stimuli img/target_9.png
1335.6516 	DATA 	Keypress: o
1335.7437 	DATA 	Trial 832 - Stimuli img/target_1.png
1336.5156 	DATA 	Keypress: q
1336.6108 	DATA 	Trial 833 - Stimuli img/target_2.png
1337.3956 	DATA 	Keypress: w
1337.4765 	DATA 	Trial 834 - Stimuli img/target_9.png
1338.2995 	DATA 	Keypress: o
1338.3933 	DATA 	Trial 835 - Stimuli img/target_2.png
1339.1716 	DATA 	Keypress: w
1339.2601 	DATA 	Trial 836 - Stimuli img/target_9.png
1340.1636 	DATA 	Keypress: i
1340.7955 	DATA 	Keypress: o
1340.8603 	DATA 	Trial 837 - Stimuli img/target_5.png
1341.7795 	DATA 	Keypress: v
1341.8615 	DATA 	Trial 838 - Stimuli img/target_9.png
1342.9794 	DATA 	Keypress: i
1343.5717 	DATA 	Keypress: o
1343.6443 	DATA 	Trial 839 - Stimuli img/target_1.png
1344.5797 	DATA 	Keypress: q
1344.6616 	DATA 	Trial 840 - Stimuli img/target_6.png
1346.1474 	DATA 	Keypress: b
1346.2273 	DATA 	Trial 841 - Stimuli img/target_7.png
1347.2521 	DATA 	Keypress: u
1347.3442 	DATA 	Trial 842 - Stimuli img/target_10.png
1348.5239 	DATA 	Keypress: p
1348.6115 	DATA 	Trial 843 - Stimuli img/target_3.png
1350.4513 	DATA 	Keypress: r
1351.8911 	DATA 	Keypress: e
1351.9632 	DATA 	Trial 844 - Stimuli img/target_7.png
1354.1391 	DATA 	Keypress: u
1354.2293 	DATA 	Trial 845 - Stimuli img/target_6.png
1355.0350 	DATA 	Keypress: b
1355.1287 	DATA 	Trial 846 - Stimuli img/target_1.png
1355.9078 	DATA 	Keypress: q
1355.9953 	DATA 	Trial 847 - Stimuli img/target_6.png
1356.6751 	DATA 	Keypress: b
1356.7635 	DATA 	Trial 848 - Stimuli img/target_1.png
1357.5796 	DATA 	Keypress: q
1357.6626 	DATA 	Trial 849 - Stimuli img/target_6.png
1358.3708 	DATA 	Keypress: b
1358.4621 	DATA 	Trial 850 - Stimuli img/target_1.png
1359.5469 	DATA 	Keypress: q
1359.6296 	DATA 	Trial 851 - Stimuli img/target_6.png
1360.4191 	DATA 	Keypress: b
1360.5123 	DATA 	Trial 852 - Stimuli img/target_4.png
1360.9874 	DATA 	Keypress: q
1365.8027 	DATA 	Keypress: r
1365.8798 	DATA 	Trial 853 - Stimuli img/target_3.png
1366.6353 	DATA 	Keypress: e
1366.7302 	DATA 	Trial 854 - Stimuli img/target_8.png
1368.3945 	DATA 	Keypress: i
1368.4802 	DATA 	Trial 855 - Stimuli img/target_3.png
1369.6106 	DATA 	Keypress: e
1369.6976 	DATA 	Trial 856 - Stimuli img/target_8.png
1374.2910 	DATA 	Keypress: i
1374.3807 	DATA 	Trial 857 - Stimuli img/target_2.png
1376.7703 	DATA 	Keypress: w
1376.8641 	DATA 	Trial 858 - Stimuli img/target_8.png
1377.9222 	DATA 	Keypress: i
1378.0145 	DATA 	Trial 859 - Stimuli img/target_9.png
1378.8662 	DATA 	Keypress: o
1378.9479 	DATA 	Trial 860 - Stimuli img/target_8.png
1379.6029 	DATA 	Keypress: i
1379.6974 	DATA 	Trial 861 - Stimuli img/target_3.png
1380.8662 	DATA 	Keypress: e
1380.9474 	DATA 	Trial 862 - Stimuli img/target_4.png
1381.9780 	DATA 	Keypress: r
1382.0647 	DATA 	Trial 863 - Stimuli img/target_3.png
1382.7941 	DATA 	Keypress: e
1382.8816 	DATA 	Trial 864 - Stimuli img/target_4.png
1383.6103 	DATA 	Keypress: r
1383.6975 	DATA 	Trial 865 - Stimuli img/target_6.png
1384.9941 	DATA 	Keypress: b
1385.0821 	DATA 	Trial 866 - Stimuli img/target_5.png
1386.4740 	DATA 	Keypress: v
1386.5656 	DATA 	Trial 867 - Stimuli img/target_4.png
1387.3302 	DATA 	Keypress: r
1387.4148 	DATA 	Trial 868 - Stimuli img/target_3.png
1388.3299 	DATA 	Keypress: e
1388.4155 	DATA 	Trial 869 - Stimuli img/target_4.png
1389.2740 	DATA 	Keypress: r
1389.3661 	DATA 	Trial 870 - Stimuli img/target_6.png
1390.6900 	DATA 	Keypress: b
1390.7818 	DATA 	Trial 871 - Stimuli img/target_1.png
1391.5065 	DATA 	Keypress: q
1391.5990 	DATA 	Trial 872 - Stimuli img/target_2.png
1392.3700 	DATA 	Keypress: w
1392.4654 	DATA 	Trial 873 - Stimuli img/target_9.png
1393.6497 	DATA 	Keypress: o
1393.7328 	DATA 	Trial 874 - Stimuli img/target_8.png
1394.6102 	DATA 	Keypress: i
1394.6995 	DATA 	Trial 875 - Stimuli img/target_3.png
1396.1457 	DATA 	Keypress: e
1396.2333 	DATA 	Trial 876 - Stimuli img/target_10.png
1397.3376 	DATA 	Keypress: p
1397.4333 	DATA 	Trial 877 - Stimuli img/target_3.png
1398.2255 	DATA 	Keypress: e
1398.3160 	DATA 	Trial 878 - Stimuli img/target_7.png
1399.0738 	DATA 	Keypress: u
1399.1663 	DATA 	Trial 879 - Stimuli img/target_6.png
1399.8741 	DATA 	Keypress: b
1399.9665 	DATA 	Trial 880 - Stimuli img/target_7.png
1400.8659 	DATA 	Keypress: u
1400.9497 	DATA 	Trial 881 - Stimuli img/target_4.png
1401.7461 	DATA 	Keypress: r
1401.8335 	DATA 	Trial 882 - Stimuli img/target_5.png
1402.8496 	DATA 	Keypress: v
1402.9340 	DATA 	Trial 883 - Stimuli img/target_6.png
1403.7773 	DATA 	Keypress: b
1403.8665 	DATA 	Trial 884 - Stimuli img/target_5.png
1404.5379 	DATA 	Keypress: v
1404.6338 	DATA 	Trial 885 - Stimuli img/target_9.png
1405.2572 	DATA 	Keypress: o
1405.3508 	DATA 	Trial 886 - Stimuli img/target_2.png
1406.1938 	DATA 	Keypress: w
1406.2833 	DATA 	Trial 887 - Stimuli img/target_9.png
1407.1773 	DATA 	Keypress: o
1407.2665 	DATA 	Trial 888 - Stimuli img/target_2.png
1408.0173 	DATA 	Keypress: w
1408.0999 	DATA 	Trial 889 - Stimuli img/target_10.png
1409.1292 	DATA 	Keypress: p
1409.2175 	DATA 	Trial 890 - Stimuli img/target_3.png
1410.5051 	DATA 	Keypress: e
1410.6002 	DATA 	Trial 891 - Stimuli img/target_7.png
1411.3773 	DATA 	Keypress: u
1411.4673 	DATA 	Trial 892 - Stimuli img/target_3.png
1412.2731 	DATA 	Keypress: e
1412.3669 	DATA 	Trial 893 - Stimuli img/target_10.png
1413.2009 	DATA 	Keypress: p
1413.2850 	DATA 	Trial 894 - Stimuli img/target_3.png
1414.3610 	DATA 	Keypress: e
1414.4511 	DATA 	Trial 895 - Stimuli img/target_4.png
1415.4174 	DATA 	Keypress: r
1415.5009 	DATA 	Trial 896 - Stimuli img/target_6.png
1416.4089 	DATA 	Keypress: b
1416.5012 	DATA 	Trial 897 - Stimuli img/target_1.png
1417.5210 	DATA 	Keypress: q
1417.6010 	DATA 	Trial 898 - Stimuli img/target_6.png
1419.4569 	DATA 	Keypress: b
1419.5520 	DATA 	Trial 899 - Stimuli img/target_4.png
1420.2730 	DATA 	Keypress: r
1420.3688 	DATA 	Trial 900 - Stimuli img/target_6.png
1421.3368 	DATA 	Keypress: b
1421.4182 	DATA 	Trial 901 - Stimuli img/target_1.png
1422.4007 	DATA 	Keypress: q
1422.4854 	DATA 	Trial 902 - Stimuli img/target_6.png
1426.2885 	DATA 	Keypress: b
1426.3685 	DATA 	Trial 903 - Stimuli img/target_7.png
1427.0486 	DATA 	Keypress: u
1427.1361 	DATA 	Trial 904 - Stimuli img/target_10.png
1427.9765 	DATA 	Keypress: p
1428.0689 	DATA 	Trial 905 - Stimuli img/target_8.png
1429.3210 	DATA 	Keypress: i
1429.4027 	DATA 	Trial 906 - Stimuli img/target_10.png
1430.3444 	DATA 	Keypress: p
1430.4360 	DATA 	Trial 907 - Stimuli img/target_3.png
1432.1764 	DATA 	Keypress: e
1432.2692 	DATA 	Trial 908 - Stimuli img/target_7.png
1433.2483 	DATA 	Keypress: u
1433.3366 	DATA 	Trial 909 - Stimuli img/target_10.png
1434.3050 	DATA 	Keypress: p
1434.4026 	DATA 	Trial 910 - Stimuli img/target_2.png
1435.6812 	DATA 	Keypress: w
1435.7699 	DATA 	Trial 911 - Stimuli img/target_1.png
1437.0803 	DATA 	Keypress: q
1437.1696 	DATA 	Trial 912 - Stimuli img/target_5.png
1438.2721 	DATA 	Keypress: i
1440.3601 	DATA 	Keypress: v
1440.4364 	DATA 	Trial 913 - Stimuli img/target_6.png
1442.0081 	DATA 	Keypress: b
1442.1045 	DATA 	Trial 914 - Stimuli img/target_7.png
1442.9048 	DATA 	Keypress: u
1442.9872 	DATA 	Trial 915 - Stimuli img/target_6.png
1443.8003 	DATA 	Keypress: b
1443.8873 	DATA 	Trial 916 - Stimuli img/target_4.png
1446.2322 	DATA 	Keypress: r
1446.3215 	DATA 	Trial 917 - Stimuli img/target_7.png
1449.3761 	DATA 	Keypress: u
1449.4714 	DATA 	Trial 918 - Stimuli img/target_3.png
1451.0556 	DATA 	Keypress: e
1451.1375 	DATA 	Trial 919 - Stimuli img/target_10.png
1454.1037 	DATA 	Keypress: p
1454.1884 	DATA 	Trial 920 - Stimuli img/target_7.png
1454.9196 	DATA 	Keypress: u
1455.0047 	DATA 	Trial 921 - Stimuli img/target_6.png
1455.6557 	DATA 	Keypress: b
1455.7386 	DATA 	Trial 922 - Stimuli img/target_1.png
1456.5435 	DATA 	Keypress: q
1456.6393 	DATA 	Trial 923 - Stimuli img/target_9.png
1457.5041 	DATA 	Keypress: o
1457.5890 	DATA 	Trial 924 - Stimuli img/target_1.png
1458.3356 	DATA 	Keypress: q
1458.4216 	DATA 	Trial 925 - Stimuli img/target_6.png
1459.1678 	DATA 	Keypress: b
1459.2560 	DATA 	Trial 926 - Stimuli img/target_5.png
1460.5834 	DATA 	Keypress: v
1460.6717 	DATA 	Trial 927 - Stimuli img/target_4.png
1461.3600 	DATA 	Keypress: r
1461.4564 	DATA 	Trial 928 - Stimuli img/target_6.png
1462.0875 	DATA 	Keypress: b
1462.1721 	DATA 	Trial 929 - Stimuli img/target_1.png
1462.8793 	DATA 	Keypress: q
1462.9726 	DATA 	Trial 930 - Stimuli img/target_6.png
1463.6394 	DATA 	Keypress: b
1463.7228 	DATA 	Trial 931 - Stimuli img/target_4.png
1464.7035 	DATA 	Keypress: r
1464.7893 	DATA 	Trial 932 - Stimuli img/target_3.png
1465.9358 	DATA 	Keypress: e
1466.0227 	DATA 	Trial 933 - Stimuli img/target_8.png
1466.9993 	DATA 	Keypress: i
1467.0902 	DATA 	Trial 934 - Stimuli img/target_2.png
1468.2951 	DATA 	Keypress: w
1468.3892 	DATA 	Trial 935 - Stimuli img/target_8.png
1469.3911 	DATA 	Keypress: u
1469.9839 	DATA 	Keypress: i
1470.0562 	DATA 	Trial 936 - Stimuli img/target_3.png
1471.0153 	DATA 	Keypress: r
1472.5269 	DATA 	Keypress: e
1472.6065 	DATA 	Trial 937 - Stimuli img/target_4.png
1473.7510 	DATA 	Keypress: r
1473.8400 	DATA 	Trial 938 - Stimuli img/target_5.png
1476.9189 	DATA 	Keypress: v
1477.0074 	DATA 	Trial 939 - Stimuli img/target_9.png
1478.4148 	DATA 	Keypress: i
1481.0234 	DATA 	Keypress: o
1481.0421 	DATA 	Keypress: i
1481.0938 	DATA 	Trial 940 - Stimuli img/target_8.png
1481.8308 	DATA 	Keypress: i
1481.9251 	DATA 	Trial 941 - Stimuli img/target_3.png
1482.6068 	DATA 	Keypress: e
1482.6905 	DATA 	Trial 942 - Stimuli img/target_10.png
1483.8307 	DATA 	Keypress: p
1483.9254 	DATA 	Trial 943 - Stimuli img/target_3.png
1484.6468 	DATA 	Keypress: e
1484.7417 	DATA 	Trial 944 - Stimuli img/target_8.png
1485.5747 	DATA 	Keypress: i
1485.6575 	DATA 	Trial 945 - Stimuli img/target_9.png
1486.7431 	DATA 	Keypress: o
1486.8419 	DATA 	Trial 946 - Stimuli img/target_2.png
1487.9991 	DATA 	Keypress: w
1488.0920 	DATA 	Trial 947 - Stimuli img/target_8.png
1488.7905 	DATA 	Keypress: i
1488.8751 	DATA 	Trial 948 - Stimuli img/target_10.png
1489.7187 	DATA 	Keypress: p
1489.8083 	DATA 	Trial 949 - Stimuli img/target_7.png
1490.7023 	DATA 	Keypress: u
1490.7918 	DATA 	Trial 950 - Stimuli img/target_6.png
1492.1266 	DATA 	Keypress: b
1492.2250 	DATA 	Trial 951 - Stimuli img/target_1.png
1493.1744 	DATA 	Keypress: q
1493.2585 	DATA 	Trial 952 - Stimuli img/target_9.png
1494.3504 	DATA 	Keypress: o
1494.4420 	DATA 	Trial 953 - Stimuli img/target_1.png
1495.5423 	DATA 	Keypress: q
1495.6256 	DATA 	Trial 954 - Stimuli img/target_6.png
1496.9425 	DATA 	Keypress: b
1497.0261 	DATA 	Trial 955 - Stimuli img/target_4.png
1498.5348 	DATA 	Keypress: r
1498.6254 	DATA 	Trial 956 - Stimuli img/target_3.png
1499.3501 	DATA 	Keypress: e
1499.4431 	DATA 	Trial 957 - Stimuli img/target_8.png
1500.1021 	DATA 	Keypress: i
1500.1928 	DATA 	Trial 958 - Stimuli img/target_9.png
1501.0625 	DATA 	Keypress: o
1501.1434 	DATA 	Trial 959 - Stimuli img/target_1.png
1502.1504 	DATA 	Keypress: q
1502.2433 	DATA 	Trial 960 - Stimuli img/target_9.png
1503.3982 	DATA 	Keypress: o
1503.4936 	DATA 	Trial 961 - Stimuli img/target_1.png
1504.4780 	DATA 	Keypress: q
1504.5603 	DATA 	Trial 962 - Stimuli img/target_9.png
1505.8620 	DATA 	Keypress: i
1510.5578 	DATA 	Keypress: o
1510.6280 	DATA 	Trial 963 - Stimuli img/target_1.png
1511.3903 	DATA 	Keypress: q
1511.4776 	DATA 	Trial 964 - Stimuli img/target_9.png
1512.5976 	DATA 	Keypress: o
1512.6942 	DATA 	Trial 965 - Stimuli img/target_5.png
1516.0617 	DATA 	Keypress: v
1516.1446 	DATA 	Trial 966 - Stimuli img/target_6.png
1517.4774 	DATA 	Keypress: b
1517.5607 	DATA 	Trial 967 - Stimuli img/target_7.png
1518.9580 	DATA 	Keypress: b
1521.2220 	DATA 	Keypress: u
1521.2949 	DATA 	Trial 968 - Stimuli img/target_4.png
1522.5094 	DATA 	Keypress: r
1522.5949 	DATA 	Trial 969 - Stimuli img/target_6.png
1523.4532 	DATA 	Keypress: b
1523.5444 	DATA 	Trial 970 - Stimuli img/target_7.png
1524.2774 	DATA 	Keypress: u
1524.3612 	DATA 	Trial 971 - Stimuli img/target_4.png
1525.4940 	DATA 	Keypress: r
1525.5780 	DATA 	Trial 972 - Stimuli img/target_5.png
1527.1651 	DATA 	Keypress: v
1527.2459 	DATA 	Trial 973 - Stimuli img/target_4.png
1528.5011 	DATA 	Keypress: v
1529.8771 	DATA 	Keypress: v
1530.8211 	DATA 	Keypress: r
1530.8965 	DATA 	Trial 974 - Stimuli img/target_3.png
1531.8614 	DATA 	Keypress: r
1533.0451 	DATA 	Keypress: e
1533.1122 	DATA 	Trial 975 - Stimuli img/target_10.png
1536.1569 	DATA 	Keypress: p
1536.2458 	DATA 	Trial 976 - Stimuli img/target_2.png
1537.3973 	DATA 	Keypress: w
1537.4971 	DATA 	Trial 977 - Stimuli img/target_10.png
1539.4373 	DATA 	Keypress: p
1539.5292 	DATA 	Trial 978 - Stimuli img/target_7.png
1541.6935 	DATA 	Keypress: u
1541.7796 	DATA 	Trial 979 - Stimuli img/target_4.png
1542.8365 	DATA 	Keypress: u
1545.0687 	DATA 	Keypress: r
1545.1470 	DATA 	Trial 980 - Stimuli img/target_6.png
1545.4290 	DATA 	Keypress: u
1546.8606 	DATA 	Keypress: b
1546.9302 	DATA 	Trial 981 - Stimuli img/target_5.png
1552.2923 	DATA 	Keypress: b
1554.1804 	DATA 	Keypress: v
1554.2476 	DATA 	Trial 982 - Stimuli img/target_9.png
1555.2762 	DATA 	Keypress: o
1555.3653 	DATA 	Trial 983 - Stimuli img/target_8.png
1556.2769 	DATA 	Keypress: i
1556.3656 	DATA 	Trial 984 - Stimuli img/target_2.png
1557.4602 	DATA 	Keypress: w
1557.5478 	DATA 	Trial 985 - Stimuli img/target_9.png
1558.7641 	DATA 	Keypress: i
1569.0840 	DATA 	Keypress: o
1569.1495 	DATA 	Trial 986 - Stimuli img/target_1.png
1570.0676 	DATA 	Keypress: q
1570.1502 	DATA 	Trial 987 - Stimuli img/target_9.png
1571.0996 	DATA 	Keypress: o
1571.1824 	DATA 	Trial 988 - Stimuli img/target_5.png
1572.8364 	DATA 	Keypress: v
1572.9325 	DATA 	Trial 989 - Stimuli img/target_6.png
1573.4041 	DATA 	Keypress: b
1573.5003 	DATA 	Trial 990 - Stimuli img/target_4.png
1574.1722 	DATA 	Keypress: v
1574.9242 	DATA 	Keypress: r
1574.9995 	DATA 	Trial 991 - Stimuli img/target_3.png
1575.8034 	DATA 	Keypress: r
1577.0037 	DATA 	Keypress: e
1577.0832 	DATA 	Trial 992 - Stimuli img/target_4.png
1577.8921 	DATA 	Keypress: v
1578.4997 	DATA 	Keypress: r
1578.5671 	DATA 	Trial 993 - Stimuli img/target_5.png
1582.6193 	DATA 	Keypress: v
1582.7010 	DATA 	Trial 994 - Stimuli img/target_1.png
1583.4120 	DATA 	Keypress: q
1583.5006 	DATA 	Trial 995 - Stimuli img/target_9.png
1584.3072 	DATA 	Keypress: o
1584.4004 	DATA 	Trial 996 - Stimuli img/target_8.png
1585.5639 	DATA 	Keypress: i
1585.6509 	DATA 	Trial 997 - Stimuli img/target_3.png
1586.4752 	DATA 	Keypress: r
1586.9958 	DATA 	Keypress: e
1587.0674 	DATA 	Trial 998 - Stimuli img/target_4.png
1587.7471 	DATA 	Keypress: r
1587.8340 	DATA 	Trial 999 - Stimuli img/target_3.png
1588.5556 	DATA 	Keypress: e
1588.6515 	DATA 	Trial 1000 - Stimuli img/target_10.png
1590.1798 	DATA 	Keypress: o
1590.7877 	DATA 	Keypress: p
1590.8679 	DATA 	*** END ****
1601.7947 	DATA 	Keypress: bracketright
